['https://www.screener.in/explore']
1, currURL:  https://www.screener.in/explore
Testing ban for URL:  https://www.screener.in/explore
Set BaseFolder to:  explore
2, currURL:  https://www.screener.in/explore
Opened URL:  https://www.screener.in/explore  Base Folder:  explore
3, currURL:  https://www.screener.in/explore
HOGAYA
Links: 
https://www.screener.in/	https://www.screener.in/explore/	https://www.screener.in/	https://www.screener.in/	https://www.screener.in/explore/	https://www.screener.in/screen/new/	https://www.screener.in/hs/	https://www.screener.in/people/	https://www.screener.in/announcements/	https://www.screener.in/premium/	https://www.screener.in/user/account/	https://www.screener.in/alerts/	https://www.screener.in/notebook/	https://www.screener.in/premium/	https://www.screener.in/screen/new/	https://www.screener.in/screens/6994/low-on-10-year-average-earnings/	https://www.screener.in/screens/97687/capacity-expansion/	https://www.screener.in/screens/126864/debt-reduction/	https://www.screener.in/screens/214283/companies-creating-new-high/	https://www.screener.in/screens/226712/growth-without-dilution/	https://www.screener.in/screens/343087/fii-buying/	https://www.screener.in/screens/2/piotroski-scan/	https://www.screener.in/screens/59/magic-formula/	https://www.screener.in/screens/57601/coffee-can-portfolio/	https://www.screener.in/screens/4928/darvas-scan/	https://www.screener.in/screens/336509/golden-crossover/	https://www.screener.in/screens/338555/bearish-crossovers/	https://www.screener.in/screens/440753/price-volume-action/	https://www.screener.in/screens/985942/rsi-oversold-stocks/	https://www.screener.in/screens/1/the-bull-cartel/	https://www.screener.in/screens/47/highest-yoy-quarterly-profit-growth/	https://www.screener.in/screens/86/quarterly-growers/	https://www.screener.in/screens/50359/best-of-latest-quarter/	https://www.screener.in/screens/325075/all-latest-quarterly-results/	https://www.screener.in/screens/3/highest-dividend-yield-shares/	https://www.screener.in/screens/49/loss-to-profit-companies/	https://www.screener.in/screens/5772/fcf-yield/	https://www.screener.in/screens/171936/high-ratio-of-market-value-of-investments/	https://www.screener.in/screens/276307/book-value-over-5-times-price/	https://www.screener.in/screens/1/the-bull-cartel/	https://www.screener.in/screens/343087/fii-buying/	https://www.screener.in/screens/178/growth-stocks/	https://www.screener.in/screens/59/magic-formula/	https://www.screener.in/screens/6994/low-on-10-year-average-earnings/	https://www.screener.in/screens/3/highest-dividend-yield-shares/	https://www.screener.in/screens/18/high-growth-high-roe-low-pe/	https://www.screener.in/screens/15310/benjamin-graham-and-warren-buffett/	https://www.screener.in/screens/49/loss-to-profit-companies/	https://www.screener.in/screens/	https://www.screener.in/company/compare/00000085/	https://www.screener.in/company/compare/00000001/	https://www.screener.in/company/compare/00000002/	https://www.screener.in/company/compare/00000003/	https://www.screener.in/company/compare/00000004/	https://www.screener.in/company/compare/00000005/	https://www.screener.in/company/compare/00000006/	https://www.screener.in/company/compare/00000066/	https://www.screener.in/company/compare/00000007/	https://www.screener.in/company/compare/00000008/	https://www.screener.in/company/compare/00000009/	https://www.screener.in/company/compare/00000010/	https://www.screener.in/company/compare/00000011/	https://www.screener.in/company/compare/00000012/	https://www.screener.in/company/compare/00000013/	https://www.screener.in/company/compare/00000014/	https://www.screener.in/company/compare/00000015/	https://www.screener.in/company/compare/00000016/	https://www.screener.in/company/compare/00000017/	https://www.screener.in/company/compare/00000018/	https://www.screener.in/company/compare/00000019/	https://www.screener.in/company/compare/00000020/	https://www.screener.in/company/compare/00000021/	https://www.screener.in/company/compare/00000022/	https://www.screener.in/company/compare/00000080/	https://www.screener.in/company/compare/00000023/	https://www.screener.in/company/compare/00000073/	https://www.screener.in/company/compare/00000076/	https://www.screener.in/company/compare/00000072/	https://www.screener.in/company/compare/00000024/	https://www.screener.in/company/compare/00000069/	https://www.screener.in/company/compare/00000071/	https://www.screener.in/company/compare/00000025/	https://www.screener.in/company/compare/00000026/	https://www.screener.in/company/compare/00000027/	https://www.screener.in/company/compare/00000028/	https://www.screener.in/company/compare/00000029/	https://www.screener.in/company/compare/00000030/	https://www.screener.in/company/compare/00000031/	https://www.screener.in/company/compare/00000032/	https://www.screener.in/company/compare/00000082/	https://www.screener.in/company/compare/00000067/	https://www.screener.in/company/compare/00000033/	https://www.screener.in/company/compare/00000034/	https://www.screener.in/company/compare/00000035/	https://www.screener.in/company/compare/00000036/	https://www.screener.in/company/compare/00000083/	https://www.screener.in/company/compare/00000037/	https://www.screener.in/company/compare/00000038/	https://www.screener.in/company/compare/00000039/	https://www.screener.in/company/compare/00000040/	https://www.screener.in/company/compare/00000041/	https://www.screener.in/company/compare/00000075/	https://www.screener.in/company/compare/00000042/	https://www.screener.in/company/compare/00000043/	https://www.screener.in/company/compare/00000044/	https://www.screener.in/company/compare/00000045/	https://www.screener.in/company/compare/00000046/	https://www.screener.in/company/compare/00000047/	https://www.screener.in/company/compare/00000048/	https://www.screener.in/company/compare/00000086/	https://www.screener.in/company/compare/00000049/	https://www.screener.in/company/compare/00000079/	https://www.screener.in/company/compare/00000074/	https://www.screener.in/company/compare/00000084/	https://www.screener.in/company/compare/00000077/	https://www.screener.in/company/compare/00000050/	https://www.screener.in/company/compare/00000081/	https://www.screener.in/company/compare/00000051/	https://www.screener.in/company/compare/00000052/	https://www.screener.in/company/compare/00000053/	https://www.screener.in/company/compare/00000054/	https://www.screener.in/company/compare/00000070/	https://www.screener.in/company/compare/00000055/	https://www.screener.in/company/compare/00000056/	https://www.screener.in/company/compare/00000057/	https://www.screener.in/company/compare/00000058/	https://www.screener.in/company/compare/00000059/	https://www.screener.in/company/compare/00000068/	https://www.screener.in/company/compare/00000060/	https://www.screener.in/company/compare/00000061/	https://www.screener.in/company/compare/00000062/	https://www.screener.in/company/compare/00000063/	https://www.screener.in/company/compare/00000064/	https://www.screener.in/company/compare/00000065/	https://www.screener.in/guides/terms/	https://www.screener.in/guides/privacy/	https://www.screener.in/premium/	https://www.screener.in/docs/changelog/	https://bit.ly/learnscreener	https://www.screener.in/guides/about-us/	https://www.screener.in/support/	https://www.screener.in/guides/terms/	https://www.screener.in/guides/privacy/
Testing ban for URL:  https://www.screener.in
BAN2
Testing ban for URL:  https://www.screener.in/explore
Testing ban for URL:  https://www.screener.in
BAN2
Testing ban for URL:  https://www.screener.in
BAN2
Testing ban for URL:  https://www.screener.in/explore
Testing ban for URL:  https://www.screener.in/screen/new
BAN2
Testing ban for URL:  https://www.screener.in/hs
BAN2
Testing ban for URL:  https://www.screener.in/people
BAN2
Testing ban for URL:  https://www.screener.in/announcements
BAN2
Testing ban for URL:  https://www.screener.in/premium
BAN2
Testing ban for URL:  https://www.screener.in/user/account
BAN2
Testing ban for URL:  https://www.screener.in/alerts
BAN2
Testing ban for URL:  https://www.screener.in/notebook
BAN2
Testing ban for URL:  https://www.screener.in/premium
BAN2
Testing ban for URL:  https://www.screener.in/screen/new
BAN2
Testing ban for URL:  https://www.screener.in/screens/6994/low-on-10-year-average-earnings
BAN2
Testing ban for URL:  https://www.screener.in/screens/97687/capacity-expansion
BAN2
Testing ban for URL:  https://www.screener.in/screens/126864/debt-reduction
BAN2
Testing ban for URL:  https://www.screener.in/screens/214283/companies-creating-new-high
BAN2
Testing ban for URL:  https://www.screener.in/screens/226712/growth-without-dilution
BAN2
Testing ban for URL:  https://www.screener.in/screens/343087/fii-buying
BAN2
Testing ban for URL:  https://www.screener.in/screens/2/piotroski-scan
BAN2
Testing ban for URL:  https://www.screener.in/screens/59/magic-formula
BAN2
Testing ban for URL:  https://www.screener.in/screens/57601/coffee-can-portfolio
BAN2
Testing ban for URL:  https://www.screener.in/screens/4928/darvas-scan
BAN2
Testing ban for URL:  https://www.screener.in/screens/336509/golden-crossover
BAN2
Testing ban for URL:  https://www.screener.in/screens/338555/bearish-crossovers
BAN2
Testing ban for URL:  https://www.screener.in/screens/440753/price-volume-action
BAN2
Testing ban for URL:  https://www.screener.in/screens/985942/rsi-oversold-stocks
BAN2
Testing ban for URL:  https://www.screener.in/screens/1/the-bull-cartel
BAN2
Testing ban for URL:  https://www.screener.in/screens/47/highest-yoy-quarterly-profit-growth
BAN2
Testing ban for URL:  https://www.screener.in/screens/86/quarterly-growers
BAN2
Testing ban for URL:  https://www.screener.in/screens/50359/best-of-latest-quarter
BAN2
Testing ban for URL:  https://www.screener.in/screens/325075/all-latest-quarterly-results
BAN2
Testing ban for URL:  https://www.screener.in/screens/3/highest-dividend-yield-shares
BAN2
Testing ban for URL:  https://www.screener.in/screens/49/loss-to-profit-companies
BAN2
Testing ban for URL:  https://www.screener.in/screens/5772/fcf-yield
BAN2
Testing ban for URL:  https://www.screener.in/screens/171936/high-ratio-of-market-value-of-investments
BAN2
Testing ban for URL:  https://www.screener.in/screens/276307/book-value-over-5-times-price
BAN2
Testing ban for URL:  https://www.screener.in/screens/1/the-bull-cartel
BAN2
Testing ban for URL:  https://www.screener.in/screens/343087/fii-buying
BAN2
Testing ban for URL:  https://www.screener.in/screens/178/growth-stocks
BAN2
Testing ban for URL:  https://www.screener.in/screens/59/magic-formula
BAN2
Testing ban for URL:  https://www.screener.in/screens/6994/low-on-10-year-average-earnings
BAN2
Testing ban for URL:  https://www.screener.in/screens/3/highest-dividend-yield-shares
BAN2
Testing ban for URL:  https://www.screener.in/screens/18/high-growth-high-roe-low-pe
BAN2
Testing ban for URL:  https://www.screener.in/screens/15310/benjamin-graham-and-warren-buffett
BAN2
Testing ban for URL:  https://www.screener.in/screens/49/loss-to-profit-companies
BAN2
Testing ban for URL:  https://www.screener.in/screens
BAN2
Testing ban for URL:  https://www.screener.in/company/compare/00000085
Testing ban for URL:  https://www.screener.in/company/compare/00000001
Testing ban for URL:  https://www.screener.in/company/compare/00000002
Testing ban for URL:  https://www.screener.in/company/compare/00000003
Testing ban for URL:  https://www.screener.in/company/compare/00000004
Testing ban for URL:  https://www.screener.in/company/compare/00000005
Testing ban for URL:  https://www.screener.in/company/compare/00000006
Testing ban for URL:  https://www.screener.in/company/compare/00000066
Testing ban for URL:  https://www.screener.in/company/compare/00000007
Testing ban for URL:  https://www.screener.in/company/compare/00000008
Testing ban for URL:  https://www.screener.in/company/compare/00000009
Testing ban for URL:  https://www.screener.in/company/compare/00000010
Testing ban for URL:  https://www.screener.in/company/compare/00000011
Testing ban for URL:  https://www.screener.in/company/compare/00000012
Testing ban for URL:  https://www.screener.in/company/compare/00000013
Testing ban for URL:  https://www.screener.in/company/compare/00000014
Testing ban for URL:  https://www.screener.in/company/compare/00000015
Testing ban for URL:  https://www.screener.in/company/compare/00000016
Testing ban for URL:  https://www.screener.in/company/compare/00000017
Testing ban for URL:  https://www.screener.in/company/compare/00000018
Testing ban for URL:  https://www.screener.in/company/compare/00000019
Testing ban for URL:  https://www.screener.in/company/compare/00000020
Testing ban for URL:  https://www.screener.in/company/compare/00000021
Testing ban for URL:  https://www.screener.in/company/compare/00000022
Testing ban for URL:  https://www.screener.in/company/compare/00000080
Testing ban for URL:  https://www.screener.in/company/compare/00000023
Testing ban for URL:  https://www.screener.in/company/compare/00000073
Testing ban for URL:  https://www.screener.in/company/compare/00000076
Testing ban for URL:  https://www.screener.in/company/compare/00000072
Testing ban for URL:  https://www.screener.in/company/compare/00000024
Testing ban for URL:  https://www.screener.in/company/compare/00000069
Testing ban for URL:  https://www.screener.in/company/compare/00000071
Testing ban for URL:  https://www.screener.in/company/compare/00000025
Testing ban for URL:  https://www.screener.in/company/compare/00000026
Testing ban for URL:  https://www.screener.in/company/compare/00000027
Testing ban for URL:  https://www.screener.in/company/compare/00000028
Testing ban for URL:  https://www.screener.in/company/compare/00000029
Testing ban for URL:  https://www.screener.in/company/compare/00000030
Testing ban for URL:  https://www.screener.in/company/compare/00000031
Testing ban for URL:  https://www.screener.in/company/compare/00000032
Testing ban for URL:  https://www.screener.in/company/compare/00000082
Testing ban for URL:  https://www.screener.in/company/compare/00000067
Testing ban for URL:  https://www.screener.in/company/compare/00000033
Testing ban for URL:  https://www.screener.in/company/compare/00000034
Testing ban for URL:  https://www.screener.in/company/compare/00000035
Testing ban for URL:  https://www.screener.in/company/compare/00000036
Testing ban for URL:  https://www.screener.in/company/compare/00000083
Testing ban for URL:  https://www.screener.in/company/compare/00000037
Testing ban for URL:  https://www.screener.in/company/compare/00000038
Testing ban for URL:  https://www.screener.in/company/compare/00000039
Testing ban for URL:  https://www.screener.in/company/compare/00000040
Testing ban for URL:  https://www.screener.in/company/compare/00000041
Testing ban for URL:  https://www.screener.in/company/compare/00000075
Testing ban for URL:  https://www.screener.in/company/compare/00000042
Testing ban for URL:  https://www.screener.in/company/compare/00000043
Testing ban for URL:  https://www.screener.in/company/compare/00000044
Testing ban for URL:  https://www.screener.in/company/compare/00000045
Testing ban for URL:  https://www.screener.in/company/compare/00000046
Testing ban for URL:  https://www.screener.in/company/compare/00000047
Testing ban for URL:  https://www.screener.in/company/compare/00000048
Testing ban for URL:  https://www.screener.in/company/compare/00000086
Testing ban for URL:  https://www.screener.in/company/compare/00000049
Testing ban for URL:  https://www.screener.in/company/compare/00000079
Testing ban for URL:  https://www.screener.in/company/compare/00000074
Testing ban for URL:  https://www.screener.in/company/compare/00000084
Testing ban for URL:  https://www.screener.in/company/compare/00000077
Testing ban for URL:  https://www.screener.in/company/compare/00000050
Testing ban for URL:  https://www.screener.in/company/compare/00000081
Testing ban for URL:  https://www.screener.in/company/compare/00000051
Testing ban for URL:  https://www.screener.in/company/compare/00000052
Testing ban for URL:  https://www.screener.in/company/compare/00000053
Testing ban for URL:  https://www.screener.in/company/compare/00000054
Testing ban for URL:  https://www.screener.in/company/compare/00000070
Testing ban for URL:  https://www.screener.in/company/compare/00000055
Testing ban for URL:  https://www.screener.in/company/compare/00000056
Testing ban for URL:  https://www.screener.in/company/compare/00000057
Testing ban for URL:  https://www.screener.in/company/compare/00000058
Testing ban for URL:  https://www.screener.in/company/compare/00000059
Testing ban for URL:  https://www.screener.in/company/compare/00000068
Testing ban for URL:  https://www.screener.in/company/compare/00000060
Testing ban for URL:  https://www.screener.in/company/compare/00000061
Testing ban for URL:  https://www.screener.in/company/compare/00000062
Testing ban for URL:  https://www.screener.in/company/compare/00000063
Testing ban for URL:  https://www.screener.in/company/compare/00000064
Testing ban for URL:  https://www.screener.in/company/compare/00000065
Testing ban for URL:  https://www.screener.in/guides/terms
BAN2
Testing ban for URL:  https://www.screener.in/guides/privacy
BAN2
Testing ban for URL:  https://www.screener.in/premium
BAN2
Testing ban for URL:  https://www.screener.in/docs/changelog
BAN2
Testing ban for URL:  https://bit.ly/learnscreener
BAN1
Testing ban for URL:  https://www.screener.in/guides/about-us
BAN2
Testing ban for URL:  https://www.screener.in/support
BAN2
Testing ban for URL:  https://www.screener.in/guides/terms
BAN2
Testing ban for URL:  https://www.screener.in/guides/privacy
BAN2
1, currURL:  https://www.screener.in/company/compare/00000085
Testing ban for URL:  https://www.screener.in/company/compare/00000085
Set BaseFolder to:  company/compare/00000085
2, currURL:  https://www.screener.in/company/compare/00000085
Opened URL:  https://www.screener.in/company/compare/00000085  Base Folder:  company/compare/00000085
3, currURL:  https://www.screener.in/company/compare/00000085
Changed baseFolder to  None
Button clicked successfully!
Button clicked successfully!
Button clicked successfully!
Button clicked successfully!
Button clicked successfully!
Button clicked successfully!
Button clicked successfully!
Button clicked successfully!
Button clicked successfully!
<function format_exc at 0x000002101117FEC0>
HOGAYA
Links: 
https://www.screener.in/	https://www.screener.in/explore/	https://www.screener.in/	https://www.screener.in/	https://www.screener.in/explore/	https://www.screener.in/screen/new/	https://www.screener.in/hs/	https://www.screener.in/people/	https://www.screener.in/announcements/	https://www.screener.in/premium/	https://www.screener.in/user/account/	https://www.screener.in/alerts/	https://www.screener.in/notebook/	https://www.screener.in/premium/	https://www.screener.in/company/ZENTEC/#top	https://www.screener.in/company/ZENTEC/#chart	https://www.screener.in/company/ZENTEC/#analysis	https://www.screener.in/company/ZENTEC/#peers	https://www.screener.in/company/ZENTEC/#quarters	https://www.screener.in/company/ZENTEC/#profit-loss	https://www.screener.in/company/ZENTEC/#balance-sheet	https://www.screener.in/company/ZENTEC/#cash-flow	https://www.screener.in/company/ZENTEC/#ratios	https://www.screener.in/company/ZENTEC/#shareholding	https://www.screener.in/company/ZENTEC/#documents	http://www.zen.in/	https://www.bseindia.com/stock-share-price/zen-technologies-ltd/ZENTEC/533339/	https://www.nseindia.com/get-quotes/equity?symbol=ZENTEC	https://www.zentechnologies.com/about-us	https://www.bseindia.com/bseplus/AnnualReport/533339/5333390318.pdf#page=5	https://www.bseindia.com/bseplus/AnnualReport/533339/65092533339.pdf#page=57	http://www.zen.in/	https://www.bseindia.com/stock-share-price/zen-technologies-ltd/ZENTEC/533339/	https://www.nseindia.com/get-quotes/equity?symbol=ZENTEC	https://www.screener.in/user/quick_ratios/?next=/company/ZENTEC/	https://www.screener.in/company/compare/00000085/	https://www.screener.in/company/compare/00000085/00000106/	https://www.screener.in/user/columns/?next=/company/ZENTEC/#peers	https://www.screener.in/company/COCHINSHIP/	https://www.screener.in/company/GRSE/	https://www.screener.in/company/ZENTEC/	https://www.screener.in/company/522229/consolidated/	https://www.screener.in/company/ZENTEC/consolidated/#quarters	https://www.screener.in/company/source/quarter/3791/12/2020/	https://www.screener.in/company/source/quarter/3791/03/2021/	https://www.screener.in/company/source/quarter/3791/06/2021/	https://www.screener.in/company/source/quarter/3791/09/2021/	https://www.screener.in/company/source/quarter/3791/12/2021/	https://www.screener.in/company/source/quarter/3791/03/2022/	https://www.screener.in/company/source/quarter/3791/06/2022/	https://www.screener.in/company/source/quarter/3791/09/2022/	https://www.screener.in/company/source/quarter/3791/12/2022/	https://www.screener.in/company/source/quarter/3791/03/2023/	https://www.screener.in/company/source/quarter/3791/06/2023/	https://www.screener.in/company/source/quarter/3791/09/2023/	https://www.screener.in/company/source/quarter/3791/12/2023/	https://www.screener.in/company/ZENTEC/consolidated/#profit-loss	https://www.screener.in/company/ZENTEC/consolidated/#balance-sheet	https://www.screener.in/company/ZENTEC/consolidated/#cash-flow	https://www.screener.in/company/ZENTEC/consolidated/#ratios	https://www.bseindia.com/stock-share-price/zen-technologies-ltd/zentec/533339/corp-announcements/	https://www.bseindia.com/stockinfo/AnnPdfOpen.aspx?Pname=b5cf7d87-148e-4120-9ca7-d647a56bbf64.pdf	https://www.bseindia.com/stockinfo/AnnPdfOpen.aspx?Pname=b5138d81-9dd5-4962-84f8-cd88d588f962.pdf	https://www.bseindia.com/stockinfo/AnnPdfOpen.aspx?Pname=dfe26d20-bac3-4a1b-93ec-28115973747f.pdf	https://www.bseindia.com/stockinfo/AnnPdfOpen.aspx?Pname=adfe0f5e-9671-434d-b6d5-c11621e0c669.pdf	https://www.bseindia.com/stockinfo/AnnPdfOpen.aspx?Pname=d0eda902-d708-4ed0-abd3-343f5c9f1137.pdf	https://www.bseindia.com/stockinfo/AnnPdfOpen.aspx?Pname=3d36c18d-726d-462d-981e-73ce59939ade.pdf	https://www.bseindia.com/bseplus/AnnualReport/533339/76651533339.pdf	https://www.bseindia.com/bseplus/AnnualReport/533339/69261533339.pdf	https://www.bseindia.com/bseplus/AnnualReport/533339/65092533339.pdf	https://www.bseindia.com/bseplus/AnnualReport/533339/5333390319.pdf	https://www.bseindia.com/bseplus/AnnualReport/533339/5333390318.pdf	https://www.bseindia.com/bseplus/AnnualReport/533339/5333390317.pdf	https://www.bseindia.com/bseplus/AnnualReport/533339/5333390316.pdf	https://www.bseindia.com/bseplus/AnnualReport/533339/5333390315.pdf	https://www.bseindia.com/bseplus/AnnualReport/533339/5333390314.pdf	https://www.bseindia.com/bseplus/AnnualReport/533339/5333390313.pdf	https://www.bseindia.com/bseplus/AnnualReport/533339/5333390312.pdf	https://www.bseindia.com/bseplus/AnnualReport/533339/5333390311.pdf	https://www.bseindia.com/HIS_ANN_RPT/HISTANNR_NA_BSE/2010/5333390310.PDF	https://www.bseindia.com/HIS_ANN_RPT/HISTANNR_NA_BSE/2009/5333390309.PDF	https://www.crisil.com/mnt/winshare/Ratings/RatingList/RatingDocs/ZenTechnologiesLimited_November%2001,%202023_RR_330597.html	https://www.crisil.com/mnt/winshare/Ratings/RatingList/RatingDocs/ZenTechnologiesLimited_October%2027,%202023_RR_327696.html	https://www.crisil.com/mnt/winshare/Ratings/RatingList/RatingDocs/ZenTechnologiesLimited_November%2023,%202022_RR_306604.html	https://www.crisil.com/mnt/winshare/Ratings/RatingList/RatingDocs/ZenTechnologiesLimited_October%2004,%202022_RR_300739.html	https://www.infomerics.com/admin/uploads/pr-zen-technologies-5may22.pdf	https://www.infomerics.com/admin/uploads/pr-Zen-Technologies-07apr22.pdf	https://www.bseindia.com/stockinfo/AnnPdfOpen.aspx?Pname=94941d89-7e73-4bf3-a6df-7ede408b826a.pdf	https://www.zentechnologies.com/investor_relations/Investor-presentation-for-the-quarter-ended-31-December-2023.pdf	https://www.bseindia.com/stockinfo/AnnPdfOpen.aspx?Pname=3634dd12-94fc-4b99-a0f7-666e8fa7f65b.pdf	https://zentechnologiesltd-my.sharepoint.com/personal/webmaster_zentechnologies_com/_layouts/15/stream.aspx?id=%2Fpersonal%2Fwebmaster%5Fzentechnologies%5Fcom%2FDocuments%2FZen%20Technologies%2FAudio%20Record%20of%20conference%20call%20held%20on%2031%20December%202023%20%2D%20Zen%20Technologies%2Emp3&nav=eyJyZWZlcnJhbEluZm8iOnsicmVmZXJyYWxBcHAiOiJPbmVEcml2ZUZvckJ&ga=1&referrer=StreamWebApp%2EWeb&referrerScenario=AddressBarCopied%2Eview	https://www.bseindia.com/stockinfo/AnnPdfOpen.aspx?Pname=ad9e52cb-9f23-4767-a501-78287813e869.pdf	https://zentechnologiesltd-my.sharepoint.com/:u:/g/personal/sowjanya_r_zentechnologies_com/EUi7Sz72T6BJmpY5koaoNtABBUMoRAr7i0yqkRvrbjT_RA?nav=eyJyZWZlcnJhbEluZm8iOnsicmVmZXJyYWxBcHAiOiJPbmVEcml2ZUZvck	https://www.bseindia.com/stockinfo/AnnPdfOpen.aspx?Pname=d2559e3d-d55a-46e9-b5ac-ab05ae0fffd3.pdf	https://www.bseindia.com/stockinfo/AnnPdfOpen.aspx?Pname=22f57ed0-5a32-4101-9eee-94a4435e758f.pdf	https://www.bseindia.com/stockinfo/AnnPdfOpen.aspx?Pname=229eea2b-3837-43b0-879d-486b7bbb5d3c.pdf	https://www.bseindia.com/stockinfo/AnnPdfOpen.aspx?Pname=61b76aec-0aa2-46ce-90f4-d7d523ca7125.pdf	https://www.bseindia.com/stockinfo/AnnPdfOpen.aspx?Pname=b9026173-4b2b-4a7e-a179-03cf9f33bb1c.pdf	https://www.bseindia.com/stockinfo/AnnPdfOpen.aspx?Pname=087d28fb-883c-408c-8bc2-e187b0c45996.pdf	https://www.bseindia.com/stockinfo/AnnPdfOpen.aspx?Pname=3257931c-20b1-4cf9-a9e7-8a32eb402fb5.pdf	https://www.zentechnologies.com/assets/uploads/files/concall-zen-technologies-ltd.-08052023.mp3	https://www.bseindia.com/stockinfo/AnnPdfOpen.aspx?Pname=08d1d897-7daf-4ece-9220-04ec275a6182.pdf	https://www.bseindia.com/stockinfo/AnnPdfOpen.aspx?Pname=38247232-a991-43e7-93b2-74556f843c0d.pdf	https://www.bseindia.com/stockinfo/AnnPdfOpen.aspx?Pname=919f74ef-f4ab-41b6-8b95-02507c98f65f.pdf	https://www.bseindia.com/stockinfo/AnnPdfOpen.aspx?Pname=8b3097f7-c823-49ab-a3e7-0f7b36bfbe6a.pdf	https://www.bseindia.com/stockinfo/AnnPdfOpen.aspx?Pname=3a9164e4-587d-48a4-9d95-dd84978fcab1.pdf	https://www.bseindia.com/stockinfo/AnnPdfOpen.aspx?Pname=662d4456-9183-4f17-8deb-bf484ba7008c.pdf	https://www.bseindia.com/stockinfo/AnnPdfOpen.aspx?Pname=b50633e7-eee5-43b3-b812-921279c09d4b.pdf	https://www.bseindia.com/stockinfo/AnnPdfOpen.aspx?Pname=5172eaf0-bb33-4679-8696-9394040cbf8f.pdf	https://www.bseindia.com/stockinfo/AnnPdfOpen.aspx?Pname=c83cabac-ac30-4583-b73b-746b704a8544.pdf	https://www.zentechnologies.com/assets/uploads/files/zen-q3-earnings-call-transcript-fy21.pdf	https://www.bseindia.com/stockinfo/AnnPdfOpen.aspx?Pname=7a2de72b-6bf5-49e2-a49f-ccb1d345fe5e.pdf	https://www.bseindia.com/stockinfo/AnnPdfOpen.aspx?Pname=c197e102-4256-4deb-ade7-7f62e6aeabaa.pdf	https://www.bseindia.com/stockinfo/AnnPdfOpen.aspx?Pname=b49bb618-a617-4628-b2df-c03eade5e622.pdf	https://www.bseindia.com/stockinfo/AnnPdfOpen.aspx?Pname=4b6c44cc-1ef9-4fbc-a25d-fe3ddabd5ad9.pdf	https://www.bseindia.com/stockinfo/AnnPdfOpen.aspx?Pname=05e6837e-ebc8-4023-948b-1b7e5a4c0c2a.pdf	https://www.bseindia.com/stockinfo/AnnPdfOpen.aspx?Pname=30E31E98_BB9C_46B2_B0D6_1D2B55DBDA47_164201.pdf	https://www.screener.in/guides/terms/	https://www.screener.in/guides/privacy/	https://www.screener.in/premium/	https://www.screener.in/docs/changelog/	https://bit.ly/learnscreener	https://www.screener.in/guides/about-us/	https://www.screener.in/support/	https://www.screener.in/guides/terms/	https://www.screener.in/guides/privacy/
