['https://www.screener.in/explore']
1, currURL:  https://www.screener.in/explore
Testing ban for URL:  https://www.screener.in/explore
Set BaseFolder to:  explore
2, currURL:  https://www.screener.in/explore
Opened URL:  https://www.screener.in/explore  Base Folder:  explore
3, currURL:  https://www.screener.in/explore
HOGAYA
Links: 
https://www.screener.in/	https://www.screener.in/explore/	https://www.screener.in/	https://www.screener.in/	https://www.screener.in/explore/	https://www.screener.in/screen/new/	https://www.screener.in/hs/	https://www.screener.in/people/	https://www.screener.in/announcements/	https://www.screener.in/premium/	https://www.screener.in/user/account/	https://www.screener.in/alerts/	https://www.screener.in/notebook/	https://www.screener.in/premium/	https://www.screener.in/screen/new/	https://www.screener.in/screens/6994/low-on-10-year-average-earnings/	https://www.screener.in/screens/97687/capacity-expansion/	https://www.screener.in/screens/126864/debt-reduction/	https://www.screener.in/screens/214283/companies-creating-new-high/	https://www.screener.in/screens/226712/growth-without-dilution/	https://www.screener.in/screens/343087/fii-buying/	https://www.screener.in/screens/2/piotroski-scan/	https://www.screener.in/screens/59/magic-formula/	https://www.screener.in/screens/57601/coffee-can-portfolio/	https://www.screener.in/screens/4928/darvas-scan/	https://www.screener.in/screens/336509/golden-crossover/	https://www.screener.in/screens/338555/bearish-crossovers/	https://www.screener.in/screens/440753/price-volume-action/	https://www.screener.in/screens/985942/rsi-oversold-stocks/	https://www.screener.in/screens/1/the-bull-cartel/	https://www.screener.in/screens/47/highest-yoy-quarterly-profit-growth/	https://www.screener.in/screens/86/quarterly-growers/	https://www.screener.in/screens/50359/best-of-latest-quarter/	https://www.screener.in/screens/325075/all-latest-quarterly-results/	https://www.screener.in/screens/3/highest-dividend-yield-shares/	https://www.screener.in/screens/49/loss-to-profit-companies/	https://www.screener.in/screens/5772/fcf-yield/	https://www.screener.in/screens/171936/high-ratio-of-market-value-of-investments/	https://www.screener.in/screens/276307/book-value-over-5-times-price/	https://www.screener.in/screens/1/the-bull-cartel/	https://www.screener.in/screens/343087/fii-buying/	https://www.screener.in/screens/178/growth-stocks/	https://www.screener.in/screens/59/magic-formula/	https://www.screener.in/screens/6994/low-on-10-year-average-earnings/	https://www.screener.in/screens/3/highest-dividend-yield-shares/	https://www.screener.in/screens/18/high-growth-high-roe-low-pe/	https://www.screener.in/screens/15310/benjamin-graham-and-warren-buffett/	https://www.screener.in/screens/49/loss-to-profit-companies/	https://www.screener.in/screens/	https://www.screener.in/company/compare/00000085/	https://www.screener.in/company/compare/00000001/	https://www.screener.in/company/compare/00000002/	https://www.screener.in/company/compare/00000003/	https://www.screener.in/company/compare/00000004/	https://www.screener.in/company/compare/00000005/	https://www.screener.in/company/compare/00000006/	https://www.screener.in/company/compare/00000066/	https://www.screener.in/company/compare/00000007/	https://www.screener.in/company/compare/00000008/	https://www.screener.in/company/compare/00000009/	https://www.screener.in/company/compare/00000010/	https://www.screener.in/company/compare/00000011/	https://www.screener.in/company/compare/00000012/	https://www.screener.in/company/compare/00000013/	https://www.screener.in/company/compare/00000014/	https://www.screener.in/company/compare/00000015/	https://www.screener.in/company/compare/00000016/	https://www.screener.in/company/compare/00000017/	https://www.screener.in/company/compare/00000018/	https://www.screener.in/company/compare/00000019/	https://www.screener.in/company/compare/00000020/	https://www.screener.in/company/compare/00000021/	https://www.screener.in/company/compare/00000022/	https://www.screener.in/company/compare/00000080/	https://www.screener.in/company/compare/00000023/	https://www.screener.in/company/compare/00000073/	https://www.screener.in/company/compare/00000076/	https://www.screener.in/company/compare/00000072/	https://www.screener.in/company/compare/00000024/	https://www.screener.in/company/compare/00000069/	https://www.screener.in/company/compare/00000071/	https://www.screener.in/company/compare/00000025/	https://www.screener.in/company/compare/00000026/	https://www.screener.in/company/compare/00000027/	https://www.screener.in/company/compare/00000028/	https://www.screener.in/company/compare/00000029/	https://www.screener.in/company/compare/00000030/	https://www.screener.in/company/compare/00000031/	https://www.screener.in/company/compare/00000032/	https://www.screener.in/company/compare/00000082/	https://www.screener.in/company/compare/00000067/	https://www.screener.in/company/compare/00000033/	https://www.screener.in/company/compare/00000034/	https://www.screener.in/company/compare/00000035/	https://www.screener.in/company/compare/00000036/	https://www.screener.in/company/compare/00000083/	https://www.screener.in/company/compare/00000037/	https://www.screener.in/company/compare/00000038/	https://www.screener.in/company/compare/00000039/	https://www.screener.in/company/compare/00000040/	https://www.screener.in/company/compare/00000041/	https://www.screener.in/company/compare/00000075/	https://www.screener.in/company/compare/00000042/	https://www.screener.in/company/compare/00000043/	https://www.screener.in/company/compare/00000044/	https://www.screener.in/company/compare/00000045/	https://www.screener.in/company/compare/00000046/	https://www.screener.in/company/compare/00000047/	https://www.screener.in/company/compare/00000048/	https://www.screener.in/company/compare/00000086/	https://www.screener.in/company/compare/00000049/	https://www.screener.in/company/compare/00000079/	https://www.screener.in/company/compare/00000074/	https://www.screener.in/company/compare/00000084/	https://www.screener.in/company/compare/00000077/	https://www.screener.in/company/compare/00000050/	https://www.screener.in/company/compare/00000081/	https://www.screener.in/company/compare/00000051/	https://www.screener.in/company/compare/00000052/	https://www.screener.in/company/compare/00000053/	https://www.screener.in/company/compare/00000054/	https://www.screener.in/company/compare/00000070/	https://www.screener.in/company/compare/00000055/	https://www.screener.in/company/compare/00000056/	https://www.screener.in/company/compare/00000057/	https://www.screener.in/company/compare/00000058/	https://www.screener.in/company/compare/00000059/	https://www.screener.in/company/compare/00000068/	https://www.screener.in/company/compare/00000060/	https://www.screener.in/company/compare/00000061/	https://www.screener.in/company/compare/00000062/	https://www.screener.in/company/compare/00000063/	https://www.screener.in/company/compare/00000064/	https://www.screener.in/company/compare/00000065/	https://www.screener.in/guides/terms/	https://www.screener.in/guides/privacy/	https://www.screener.in/premium/	https://www.screener.in/docs/changelog/	https://bit.ly/learnscreener	https://www.screener.in/guides/about-us/	https://www.screener.in/support/	https://www.screener.in/guides/terms/	https://www.screener.in/guides/privacy/
Testing ban for URL:  https://www.screener.in
BAN2
Testing ban for URL:  https://www.screener.in/explore
Testing ban for URL:  https://www.screener.in
BAN2
Testing ban for URL:  https://www.screener.in
BAN2
Testing ban for URL:  https://www.screener.in/explore
Testing ban for URL:  https://www.screener.in/screen/new
BAN2
Testing ban for URL:  https://www.screener.in/hs
BAN2
Testing ban for URL:  https://www.screener.in/people
BAN2
Testing ban for URL:  https://www.screener.in/announcements
BAN2
Testing ban for URL:  https://www.screener.in/premium
BAN2
Testing ban for URL:  https://www.screener.in/user/account
BAN2
Testing ban for URL:  https://www.screener.in/alerts
BAN2
Testing ban for URL:  https://www.screener.in/notebook
BAN2
Testing ban for URL:  https://www.screener.in/premium
BAN2
Testing ban for URL:  https://www.screener.in/screen/new
BAN2
Testing ban for URL:  https://www.screener.in/screens/6994/low-on-10-year-average-earnings
BAN2
Testing ban for URL:  https://www.screener.in/screens/97687/capacity-expansion
BAN2
Testing ban for URL:  https://www.screener.in/screens/126864/debt-reduction
BAN2
Testing ban for URL:  https://www.screener.in/screens/214283/companies-creating-new-high
BAN2
Testing ban for URL:  https://www.screener.in/screens/226712/growth-without-dilution
BAN2
Testing ban for URL:  https://www.screener.in/screens/343087/fii-buying
BAN2
Testing ban for URL:  https://www.screener.in/screens/2/piotroski-scan
BAN2
Testing ban for URL:  https://www.screener.in/screens/59/magic-formula
BAN2
Testing ban for URL:  https://www.screener.in/screens/57601/coffee-can-portfolio
BAN2
Testing ban for URL:  https://www.screener.in/screens/4928/darvas-scan
BAN2
Testing ban for URL:  https://www.screener.in/screens/336509/golden-crossover
BAN2
Testing ban for URL:  https://www.screener.in/screens/338555/bearish-crossovers
BAN2
Testing ban for URL:  https://www.screener.in/screens/440753/price-volume-action
BAN2
Testing ban for URL:  https://www.screener.in/screens/985942/rsi-oversold-stocks
BAN2
Testing ban for URL:  https://www.screener.in/screens/1/the-bull-cartel
BAN2
Testing ban for URL:  https://www.screener.in/screens/47/highest-yoy-quarterly-profit-growth
BAN2
Testing ban for URL:  https://www.screener.in/screens/86/quarterly-growers
BAN2
Testing ban for URL:  https://www.screener.in/screens/50359/best-of-latest-quarter
BAN2
Testing ban for URL:  https://www.screener.in/screens/325075/all-latest-quarterly-results
BAN2
Testing ban for URL:  https://www.screener.in/screens/3/highest-dividend-yield-shares
BAN2
Testing ban for URL:  https://www.screener.in/screens/49/loss-to-profit-companies
BAN2
Testing ban for URL:  https://www.screener.in/screens/5772/fcf-yield
BAN2
Testing ban for URL:  https://www.screener.in/screens/171936/high-ratio-of-market-value-of-investments
BAN2
Testing ban for URL:  https://www.screener.in/screens/276307/book-value-over-5-times-price
BAN2
Testing ban for URL:  https://www.screener.in/screens/1/the-bull-cartel
BAN2
Testing ban for URL:  https://www.screener.in/screens/343087/fii-buying
BAN2
Testing ban for URL:  https://www.screener.in/screens/178/growth-stocks
BAN2
Testing ban for URL:  https://www.screener.in/screens/59/magic-formula
BAN2
Testing ban for URL:  https://www.screener.in/screens/6994/low-on-10-year-average-earnings
BAN2
Testing ban for URL:  https://www.screener.in/screens/3/highest-dividend-yield-shares
BAN2
Testing ban for URL:  https://www.screener.in/screens/18/high-growth-high-roe-low-pe
BAN2
Testing ban for URL:  https://www.screener.in/screens/15310/benjamin-graham-and-warren-buffett
BAN2
Testing ban for URL:  https://www.screener.in/screens/49/loss-to-profit-companies
BAN2
Testing ban for URL:  https://www.screener.in/screens
BAN2
Testing ban for URL:  https://www.screener.in/company/compare/00000085
Testing ban for URL:  https://www.screener.in/company/compare/00000001
Testing ban for URL:  https://www.screener.in/company/compare/00000002
Testing ban for URL:  https://www.screener.in/company/compare/00000003
Testing ban for URL:  https://www.screener.in/company/compare/00000004
Testing ban for URL:  https://www.screener.in/company/compare/00000005
Testing ban for URL:  https://www.screener.in/company/compare/00000006
Testing ban for URL:  https://www.screener.in/company/compare/00000066
Testing ban for URL:  https://www.screener.in/company/compare/00000007
Testing ban for URL:  https://www.screener.in/company/compare/00000008
Testing ban for URL:  https://www.screener.in/company/compare/00000009
Testing ban for URL:  https://www.screener.in/company/compare/00000010
Testing ban for URL:  https://www.screener.in/company/compare/00000011
Testing ban for URL:  https://www.screener.in/company/compare/00000012
Testing ban for URL:  https://www.screener.in/company/compare/00000013
Testing ban for URL:  https://www.screener.in/company/compare/00000014
Testing ban for URL:  https://www.screener.in/company/compare/00000015
Testing ban for URL:  https://www.screener.in/company/compare/00000016
Testing ban for URL:  https://www.screener.in/company/compare/00000017
Testing ban for URL:  https://www.screener.in/company/compare/00000018
Testing ban for URL:  https://www.screener.in/company/compare/00000019
Testing ban for URL:  https://www.screener.in/company/compare/00000020
Testing ban for URL:  https://www.screener.in/company/compare/00000021
Testing ban for URL:  https://www.screener.in/company/compare/00000022
Testing ban for URL:  https://www.screener.in/company/compare/00000080
Testing ban for URL:  https://www.screener.in/company/compare/00000023
Testing ban for URL:  https://www.screener.in/company/compare/00000073
Testing ban for URL:  https://www.screener.in/company/compare/00000076
Testing ban for URL:  https://www.screener.in/company/compare/00000072
Testing ban for URL:  https://www.screener.in/company/compare/00000024
Testing ban for URL:  https://www.screener.in/company/compare/00000069
Testing ban for URL:  https://www.screener.in/company/compare/00000071
Testing ban for URL:  https://www.screener.in/company/compare/00000025
Testing ban for URL:  https://www.screener.in/company/compare/00000026
Testing ban for URL:  https://www.screener.in/company/compare/00000027
Testing ban for URL:  https://www.screener.in/company/compare/00000028
Testing ban for URL:  https://www.screener.in/company/compare/00000029
Testing ban for URL:  https://www.screener.in/company/compare/00000030
Testing ban for URL:  https://www.screener.in/company/compare/00000031
Testing ban for URL:  https://www.screener.in/company/compare/00000032
Testing ban for URL:  https://www.screener.in/company/compare/00000082
Testing ban for URL:  https://www.screener.in/company/compare/00000067
Testing ban for URL:  https://www.screener.in/company/compare/00000033
Testing ban for URL:  https://www.screener.in/company/compare/00000034
Testing ban for URL:  https://www.screener.in/company/compare/00000035
Testing ban for URL:  https://www.screener.in/company/compare/00000036
Testing ban for URL:  https://www.screener.in/company/compare/00000083
Testing ban for URL:  https://www.screener.in/company/compare/00000037
Testing ban for URL:  https://www.screener.in/company/compare/00000038
Testing ban for URL:  https://www.screener.in/company/compare/00000039
Testing ban for URL:  https://www.screener.in/company/compare/00000040
Testing ban for URL:  https://www.screener.in/company/compare/00000041
Testing ban for URL:  https://www.screener.in/company/compare/00000075
Testing ban for URL:  https://www.screener.in/company/compare/00000042
Testing ban for URL:  https://www.screener.in/company/compare/00000043
Testing ban for URL:  https://www.screener.in/company/compare/00000044
Testing ban for URL:  https://www.screener.in/company/compare/00000045
Testing ban for URL:  https://www.screener.in/company/compare/00000046
Testing ban for URL:  https://www.screener.in/company/compare/00000047
Testing ban for URL:  https://www.screener.in/company/compare/00000048
Testing ban for URL:  https://www.screener.in/company/compare/00000086
Testing ban for URL:  https://www.screener.in/company/compare/00000049
Testing ban for URL:  https://www.screener.in/company/compare/00000079
Testing ban for URL:  https://www.screener.in/company/compare/00000074
Testing ban for URL:  https://www.screener.in/company/compare/00000084
Testing ban for URL:  https://www.screener.in/company/compare/00000077
Testing ban for URL:  https://www.screener.in/company/compare/00000050
Testing ban for URL:  https://www.screener.in/company/compare/00000081
Testing ban for URL:  https://www.screener.in/company/compare/00000051
Testing ban for URL:  https://www.screener.in/company/compare/00000052
Testing ban for URL:  https://www.screener.in/company/compare/00000053
Testing ban for URL:  https://www.screener.in/company/compare/00000054
Testing ban for URL:  https://www.screener.in/company/compare/00000070
Testing ban for URL:  https://www.screener.in/company/compare/00000055
Testing ban for URL:  https://www.screener.in/company/compare/00000056
Testing ban for URL:  https://www.screener.in/company/compare/00000057
Testing ban for URL:  https://www.screener.in/company/compare/00000058
Testing ban for URL:  https://www.screener.in/company/compare/00000059
Testing ban for URL:  https://www.screener.in/company/compare/00000068
Testing ban for URL:  https://www.screener.in/company/compare/00000060
Testing ban for URL:  https://www.screener.in/company/compare/00000061
Testing ban for URL:  https://www.screener.in/company/compare/00000062
Testing ban for URL:  https://www.screener.in/company/compare/00000063
Testing ban for URL:  https://www.screener.in/company/compare/00000064
Testing ban for URL:  https://www.screener.in/company/compare/00000065
Testing ban for URL:  https://www.screener.in/guides/terms
BAN2
Testing ban for URL:  https://www.screener.in/guides/privacy
BAN2
Testing ban for URL:  https://www.screener.in/premium
BAN2
Testing ban for URL:  https://www.screener.in/docs/changelog
BAN2
Testing ban for URL:  https://bit.ly/learnscreener
BAN1
Testing ban for URL:  https://www.screener.in/guides/about-us
BAN2
Testing ban for URL:  https://www.screener.in/support
BAN2
Testing ban for URL:  https://www.screener.in/guides/terms
BAN2
Testing ban for URL:  https://www.screener.in/guides/privacy
BAN2
1, currURL:  https://www.screener.in/company/compare/00000085
Testing ban for URL:  https://www.screener.in/company/compare/00000085
Set BaseFolder to:  company/compare/00000085
2, currURL:  https://www.screener.in/company/compare/00000085
Opened URL:  https://www.screener.in/company/compare/00000085  Base Folder:  company/compare/00000085
3, currURL:  https://www.screener.in/company/compare/00000085
Changed baseFolder to  None
Button clicked successfully!
Button clicked successfully!
Button clicked successfully!
Button clicked successfully!
Button clicked successfully!
Button clicked successfully!
Button clicked successfully!
Button clicked successfully!
Button clicked successfully!
Button clicked successfully!
Button clicked successfully!
Button clicked successfully!
Button clicked successfully!
Button clicked successfully!
Button clicked successfully!
Button clicked successfully!
Button clicked successfully!
Button clicked successfully!
Button clicked successfully!
Button clicked successfully!
Button clicked successfully!
Button clicked successfully!
1, currURL:  https://www.screener.in/company/compare/00000001
Testing ban for URL:  https://www.screener.in/company/compare/00000001
Set BaseFolder to:  company/compare/00000001
2, currURL:  https://www.screener.in/company/compare/00000001
Opened URL:  https://www.screener.in/company/compare/00000001  Base Folder:  company/compare/00000001
3, currURL:  https://www.screener.in/company/compare/00000001
Changed baseFolder to  None
Button clicked successfully!
Button clicked successfully!
Button clicked successfully!
Button clicked successfully!
Button clicked successfully!
Button clicked successfully!
Button clicked successfully!
Button clicked successfully!
Button clicked successfully!
Button clicked successfully!
Button clicked successfully!
Button clicked successfully!
Button clicked successfully!
Button clicked successfully!
Button clicked successfully!
Button clicked successfully!
Button clicked successfully!
Button clicked successfully!
Button clicked successfully!
Button clicked successfully!
Button clicked successfully!
Button clicked successfully!
Error: NoSuchElementException occurred. The button could not be found.
Button clicked successfully!
Button clicked successfully!
1, currURL:  https://www.screener.in/company/compare/00000002
Testing ban for URL:  https://www.screener.in/company/compare/00000002
Set BaseFolder to:  company/compare/00000002
2, currURL:  https://www.screener.in/company/compare/00000002
Opened URL:  https://www.screener.in/company/compare/00000002  Base Folder:  company/compare/00000002
3, currURL:  https://www.screener.in/company/compare/00000002
Changed baseFolder to  None
Button clicked successfully!
Button clicked successfully!
Button clicked successfully!
Button clicked successfully!
Button clicked successfully!
1, currURL:  https://www.screener.in/company/compare/00000003
Testing ban for URL:  https://www.screener.in/company/compare/00000003
Set BaseFolder to:  company/compare/00000003
2, currURL:  https://www.screener.in/company/compare/00000003
Opened URL:  https://www.screener.in/company/compare/00000003  Base Folder:  company/compare/00000003
3, currURL:  https://www.screener.in/company/compare/00000003
Changed baseFolder to  None
Button clicked successfully!
Button clicked successfully!
Button clicked successfully!
Button clicked successfully!
Button clicked successfully!
Button clicked successfully!
Button clicked successfully!
Button clicked successfully!
Button clicked successfully!
Button clicked successfully!
Button clicked successfully!
Button clicked successfully!
Button clicked successfully!
Button clicked successfully!
Button clicked successfully!
Button clicked successfully!
Button clicked successfully!
Button clicked successfully!
Button clicked successfully!
1, currURL:  https://www.screener.in/company/compare/00000004
Testing ban for URL:  https://www.screener.in/company/compare/00000004
Set BaseFolder to:  company/compare/00000004
2, currURL:  https://www.screener.in/company/compare/00000004
Opened URL:  https://www.screener.in/company/compare/00000004  Base Folder:  company/compare/00000004
3, currURL:  https://www.screener.in/company/compare/00000004
Changed baseFolder to  None
Button clicked successfully!
Button clicked successfully!
Button clicked successfully!
Button clicked successfully!
Button clicked successfully!
Button clicked successfully!
Button clicked successfully!
Button clicked successfully!
Button clicked successfully!
Button clicked successfully!
Button clicked successfully!
Button clicked successfully!
Button clicked successfully!
Button clicked successfully!
Button clicked successfully!
Button clicked successfully!
Button clicked successfully!
Button clicked successfully!
Button clicked successfully!
Button clicked successfully!
Button clicked successfully!
Button clicked successfully!
Button clicked successfully!
Button clicked successfully!
Button clicked successfully!
1, currURL:  https://www.screener.in/company/compare/00000005
Testing ban for URL:  https://www.screener.in/company/compare/00000005
Set BaseFolder to:  company/compare/00000005
2, currURL:  https://www.screener.in/company/compare/00000005
Opened URL:  https://www.screener.in/company/compare/00000005  Base Folder:  company/compare/00000005
3, currURL:  https://www.screener.in/company/compare/00000005
Changed baseFolder to  None
Button clicked successfully!
Button clicked successfully!
Button clicked successfully!
Button clicked successfully!
Button clicked successfully!
Button clicked successfully!
Button clicked successfully!
Button clicked successfully!
Button clicked successfully!
Button clicked successfully!
Button clicked successfully!
Button clicked successfully!
Button clicked successfully!
Button clicked successfully!
Button clicked successfully!
Button clicked successfully!
Button clicked successfully!
Button clicked successfully!
Button clicked successfully!
Button clicked successfully!
1, currURL:  https://www.screener.in/company/compare/00000006
Testing ban for URL:  https://www.screener.in/company/compare/00000006
Set BaseFolder to:  company/compare/00000006
2, currURL:  https://www.screener.in/company/compare/00000006
Opened URL:  https://www.screener.in/company/compare/00000006  Base Folder:  company/compare/00000006
3, currURL:  https://www.screener.in/company/compare/00000006
Changed baseFolder to  None
Button clicked successfully!
Button clicked successfully!
Button clicked successfully!
Button clicked successfully!
Button clicked successfully!
Button clicked successfully!
Button clicked successfully!
Button clicked successfully!
Button clicked successfully!
Button clicked successfully!
Button clicked successfully!
Button clicked successfully!
Button clicked successfully!
Button clicked successfully!
Button clicked successfully!
Button clicked successfully!
Button clicked successfully!
Button clicked successfully!
Button clicked successfully!
Button clicked successfully!
Button clicked successfully!
Button clicked successfully!
Button clicked successfully!
Button clicked successfully!
Button clicked successfully!
1, currURL:  https://www.screener.in/company/compare/00000066
Testing ban for URL:  https://www.screener.in/company/compare/00000066
Set BaseFolder to:  company/compare/00000066
2, currURL:  https://www.screener.in/company/compare/00000066
Opened URL:  https://www.screener.in/company/compare/00000066  Base Folder:  company/compare/00000066
3, currURL:  https://www.screener.in/company/compare/00000066
Changed baseFolder to  None
Button clicked successfully!
Button clicked successfully!
Button clicked successfully!
Button clicked successfully!
Button clicked successfully!
Button clicked successfully!
Button clicked successfully!
Button clicked successfully!
Button clicked successfully!
Button clicked successfully!
Button clicked successfully!
Button clicked successfully!
Button clicked successfully!
1, currURL:  https://www.screener.in/company/compare/00000007
Testing ban for URL:  https://www.screener.in/company/compare/00000007
Set BaseFolder to:  company/compare/00000007
2, currURL:  https://www.screener.in/company/compare/00000007
Opened URL:  https://www.screener.in/company/compare/00000007  Base Folder:  company/compare/00000007
3, currURL:  https://www.screener.in/company/compare/00000007
Changed baseFolder to  None
Button clicked successfully!
Button clicked successfully!
Button clicked successfully!
Button clicked successfully!
Button clicked successfully!
Button clicked successfully!
Button clicked successfully!
Button clicked successfully!
Button clicked successfully!
Button clicked successfully!
Button clicked successfully!
Button clicked successfully!
Button clicked successfully!
Button clicked successfully!
Button clicked successfully!
Button clicked successfully!
Button clicked successfully!
Button clicked successfully!
Button clicked successfully!
Button clicked successfully!
Button clicked successfully!
Button clicked successfully!
Button clicked successfully!
Button clicked successfully!
1, currURL:  https://www.screener.in/company/compare/00000008
Testing ban for URL:  https://www.screener.in/company/compare/00000008
Set BaseFolder to:  company/compare/00000008
2, currURL:  https://www.screener.in/company/compare/00000008
Opened URL:  https://www.screener.in/company/compare/00000008  Base Folder:  company/compare/00000008
3, currURL:  https://www.screener.in/company/compare/00000008
Changed baseFolder to  None
Button clicked successfully!
Button clicked successfully!
Button clicked successfully!
Button clicked successfully!
Button clicked successfully!
Button clicked successfully!
Button clicked successfully!
Button clicked successfully!
Button clicked successfully!
Button clicked successfully!
Button clicked successfully!
Button clicked successfully!
Button clicked successfully!
Button clicked successfully!
Button clicked successfully!
Button clicked successfully!
Button clicked successfully!
Button clicked successfully!
Button clicked successfully!
Button clicked successfully!
Button clicked successfully!
Button clicked successfully!
Button clicked successfully!
Button clicked successfully!
Button clicked successfully!
1, currURL:  https://www.screener.in/company/compare/00000009
Testing ban for URL:  https://www.screener.in/company/compare/00000009
Set BaseFolder to:  company/compare/00000009
2, currURL:  https://www.screener.in/company/compare/00000009
Opened URL:  https://www.screener.in/company/compare/00000009  Base Folder:  company/compare/00000009
3, currURL:  https://www.screener.in/company/compare/00000009
Changed baseFolder to  None
Button clicked successfully!
Button clicked successfully!
Button clicked successfully!
Button clicked successfully!
Button clicked successfully!
Button clicked successfully!
Button clicked successfully!
Button clicked successfully!
Button clicked successfully!
Button clicked successfully!
Button clicked successfully!
Button clicked successfully!
Button clicked successfully!
Button clicked successfully!
Button clicked successfully!
Button clicked successfully!
Button clicked successfully!
Button clicked successfully!
Button clicked successfully!
Button clicked successfully!
Button clicked successfully!
Button clicked successfully!
Button clicked successfully!
Button clicked successfully!
Button clicked successfully!
1, currURL:  https://www.screener.in/company/compare/00000010
Testing ban for URL:  https://www.screener.in/company/compare/00000010
Set BaseFolder to:  company/compare/00000010
2, currURL:  https://www.screener.in/company/compare/00000010
Opened URL:  https://www.screener.in/company/compare/00000010  Base Folder:  company/compare/00000010
3, currURL:  https://www.screener.in/company/compare/00000010
Changed baseFolder to  None
Button clicked successfully!
Button clicked successfully!
Button clicked successfully!
Button clicked successfully!
Button clicked successfully!
Button clicked successfully!
Button clicked successfully!
Button clicked successfully!
Button clicked successfully!
Button clicked successfully!
Button clicked successfully!
Button clicked successfully!
Button clicked successfully!
Button clicked successfully!
Button clicked successfully!
Button clicked successfully!
Button clicked successfully!
Button clicked successfully!
Button clicked successfully!
Button clicked successfully!
Button clicked successfully!
Button clicked successfully!
Button clicked successfully!
Button clicked successfully!
Button clicked successfully!
1, currURL:  https://www.screener.in/company/compare/00000011
Testing ban for URL:  https://www.screener.in/company/compare/00000011
Set BaseFolder to:  company/compare/00000011
2, currURL:  https://www.screener.in/company/compare/00000011
Opened URL:  https://www.screener.in/company/compare/00000011  Base Folder:  company/compare/00000011
3, currURL:  https://www.screener.in/company/compare/00000011
Changed baseFolder to  None
Button clicked successfully!
Button clicked successfully!
Button clicked successfully!
Button clicked successfully!
Button clicked successfully!
Button clicked successfully!
Button clicked successfully!
Button clicked successfully!
Button clicked successfully!
Button clicked successfully!
Button clicked successfully!
Button clicked successfully!
Button clicked successfully!
Button clicked successfully!
Button clicked successfully!
Button clicked successfully!
Button clicked successfully!
Button clicked successfully!
Button clicked successfully!
Button clicked successfully!
Button clicked successfully!
Button clicked successfully!
Button clicked successfully!
Button clicked successfully!
Button clicked successfully!
1, currURL:  https://www.screener.in/company/compare/00000012
Testing ban for URL:  https://www.screener.in/company/compare/00000012
Set BaseFolder to:  company/compare/00000012
2, currURL:  https://www.screener.in/company/compare/00000012
Opened URL:  https://www.screener.in/company/compare/00000012  Base Folder:  company/compare/00000012
3, currURL:  https://www.screener.in/company/compare/00000012
Changed baseFolder to  None
Button clicked successfully!
Button clicked successfully!
Button clicked successfully!
Button clicked successfully!
Button clicked successfully!
Button clicked successfully!
Button clicked successfully!
Button clicked successfully!
1, currURL:  https://www.screener.in/company/compare/00000013
Testing ban for URL:  https://www.screener.in/company/compare/00000013
Set BaseFolder to:  company/compare/00000013
2, currURL:  https://www.screener.in/company/compare/00000013
Opened URL:  https://www.screener.in/company/compare/00000013  Base Folder:  company/compare/00000013
3, currURL:  https://www.screener.in/company/compare/00000013
Changed baseFolder to  None
Button clicked successfully!
Button clicked successfully!
Button clicked successfully!
Button clicked successfully!
Button clicked successfully!
Button clicked successfully!
Button clicked successfully!
Button clicked successfully!
Button clicked successfully!
Button clicked successfully!
Button clicked successfully!
1, currURL:  https://www.screener.in/company/compare/00000014
Testing ban for URL:  https://www.screener.in/company/compare/00000014
Set BaseFolder to:  company/compare/00000014
2, currURL:  https://www.screener.in/company/compare/00000014
Opened URL:  https://www.screener.in/company/compare/00000014  Base Folder:  company/compare/00000014
3, currURL:  https://www.screener.in/company/compare/00000014
Changed baseFolder to  None
Button clicked successfully!
Button clicked successfully!
Button clicked successfully!
Button clicked successfully!
Button clicked successfully!
Button clicked successfully!
Button clicked successfully!
Button clicked successfully!
Button clicked successfully!
Button clicked successfully!
Button clicked successfully!
Button clicked successfully!
Button clicked successfully!
Button clicked successfully!
Button clicked successfully!
Button clicked successfully!
Button clicked successfully!
Button clicked successfully!
Button clicked successfully!
Button clicked successfully!
Button clicked successfully!
Button clicked successfully!
Button clicked successfully!
Button clicked successfully!
Button clicked successfully!
1, currURL:  https://www.screener.in/company/compare/00000015
Testing ban for URL:  https://www.screener.in/company/compare/00000015
Set BaseFolder to:  company/compare/00000015
2, currURL:  https://www.screener.in/company/compare/00000015
Opened URL:  https://www.screener.in/company/compare/00000015  Base Folder:  company/compare/00000015
3, currURL:  https://www.screener.in/company/compare/00000015
Changed baseFolder to  None
Button clicked successfully!
Button clicked successfully!
Button clicked successfully!
Button clicked successfully!
Button clicked successfully!
Button clicked successfully!
Button clicked successfully!
Button clicked successfully!
Button clicked successfully!
1, currURL:  https://www.screener.in/company/compare/00000016
Testing ban for URL:  https://www.screener.in/company/compare/00000016
Set BaseFolder to:  company/compare/00000016
2, currURL:  https://www.screener.in/company/compare/00000016
Opened URL:  https://www.screener.in/company/compare/00000016  Base Folder:  company/compare/00000016
3, currURL:  https://www.screener.in/company/compare/00000016
Changed baseFolder to  None
Button clicked successfully!
Button clicked successfully!
Button clicked successfully!
Button clicked successfully!
Button clicked successfully!
Button clicked successfully!
Button clicked successfully!
Button clicked successfully!
Button clicked successfully!
Button clicked successfully!
Button clicked successfully!
Button clicked successfully!
Button clicked successfully!
Button clicked successfully!
Button clicked successfully!
Button clicked successfully!
Button clicked successfully!
Button clicked successfully!
Button clicked successfully!
Button clicked successfully!
Button clicked successfully!
Button clicked successfully!
Button clicked successfully!
Button clicked successfully!
Button clicked successfully!
1, currURL:  https://www.screener.in/company/compare/00000017
Testing ban for URL:  https://www.screener.in/company/compare/00000017
Set BaseFolder to:  company/compare/00000017
2, currURL:  https://www.screener.in/company/compare/00000017
Opened URL:  https://www.screener.in/company/compare/00000017  Base Folder:  company/compare/00000017
3, currURL:  https://www.screener.in/company/compare/00000017
Changed baseFolder to  None
Button clicked successfully!
Button clicked successfully!
Button clicked successfully!
Button clicked successfully!
Button clicked successfully!
Button clicked successfully!
Button clicked successfully!
Button clicked successfully!
Button clicked successfully!
Button clicked successfully!
Button clicked successfully!
Button clicked successfully!
Button clicked successfully!
Button clicked successfully!
Button clicked successfully!
Button clicked successfully!
Button clicked successfully!
Button clicked successfully!
Button clicked successfully!
Button clicked successfully!
Button clicked successfully!
Button clicked successfully!
Button clicked successfully!
Button clicked successfully!
Button clicked successfully!
1, currURL:  https://www.screener.in/company/compare/00000018
Testing ban for URL:  https://www.screener.in/company/compare/00000018
Set BaseFolder to:  company/compare/00000018
2, currURL:  https://www.screener.in/company/compare/00000018
Opened URL:  https://www.screener.in/company/compare/00000018  Base Folder:  company/compare/00000018
3, currURL:  https://www.screener.in/company/compare/00000018
Changed baseFolder to  None
Button clicked successfully!
Button clicked successfully!
Button clicked successfully!
1, currURL:  https://www.screener.in/company/compare/00000019
Testing ban for URL:  https://www.screener.in/company/compare/00000019
Set BaseFolder to:  company/compare/00000019
2, currURL:  https://www.screener.in/company/compare/00000019
Opened URL:  https://www.screener.in/company/compare/00000019  Base Folder:  company/compare/00000019
3, currURL:  https://www.screener.in/company/compare/00000019
Changed baseFolder to  None
Button clicked successfully!
Button clicked successfully!
Button clicked successfully!
Button clicked successfully!
Button clicked successfully!
Button clicked successfully!
Button clicked successfully!
1, currURL:  https://www.screener.in/company/compare/00000020
Testing ban for URL:  https://www.screener.in/company/compare/00000020
Set BaseFolder to:  company/compare/00000020
2, currURL:  https://www.screener.in/company/compare/00000020
Opened URL:  https://www.screener.in/company/compare/00000020  Base Folder:  company/compare/00000020
3, currURL:  https://www.screener.in/company/compare/00000020
Changed baseFolder to  None
Button clicked successfully!
Button clicked successfully!
Button clicked successfully!
Button clicked successfully!
Button clicked successfully!
Button clicked successfully!
Button clicked successfully!
Button clicked successfully!
Button clicked successfully!
Button clicked successfully!
Button clicked successfully!
Button clicked successfully!
Button clicked successfully!
Button clicked successfully!
Button clicked successfully!
Button clicked successfully!
Button clicked successfully!
Button clicked successfully!
Button clicked successfully!
Button clicked successfully!
Button clicked successfully!
Button clicked successfully!
Button clicked successfully!
Button clicked successfully!
Button clicked successfully!
1, currURL:  https://www.screener.in/company/compare/00000021
Testing ban for URL:  https://www.screener.in/company/compare/00000021
Set BaseFolder to:  company/compare/00000021
2, currURL:  https://www.screener.in/company/compare/00000021
Opened URL:  https://www.screener.in/company/compare/00000021  Base Folder:  company/compare/00000021
3, currURL:  https://www.screener.in/company/compare/00000021
Changed baseFolder to  None
Button clicked successfully!
Button clicked successfully!
Button clicked successfully!
Button clicked successfully!
Button clicked successfully!
Button clicked successfully!
Error: Message: element click intercepted: Element <button class="margin-right-8 plausible-event-name=Excel+Company plausible-event-user=free" formaction="/user/company/export/942/" aria-label="Export to Excel">...</button> is not clickable at point (1178, 22). Other element would receive the click: <input aria-label="Search for a company" type="search" autocomplete="off" spellcheck="false" placeholder="Search for a company" class="u-full-width" data-company-search="true" style="margin-bottom: 0px;">
  (Session info: chrome=122.0.6261.112)
Stacktrace:
	GetHandleVerifier [0x00007FF67C6EAD32+56930]
	(No symbol) [0x00007FF67C65F632]
	(No symbol) [0x00007FF67C5142E5]
	(No symbol) [0x00007FF67C560A80]
	(No symbol) [0x00007FF67C55E8AB]
	(No symbol) [0x00007FF67C55C0B4]
	(No symbol) [0x00007FF67C55AE45]
	(No symbol) [0x00007FF67C54F798]
	(No symbol) [0x00007FF67C57BC9A]
	(No symbol) [0x00007FF67C54F09A]
	(No symbol) [0x00007FF67C57BEB0]
	(No symbol) [0x00007FF67C5981E2]
	(No symbol) [0x00007FF67C57BA43]
	(No symbol) [0x00007FF67C54D438]
	(No symbol) [0x00007FF67C54E4D1]
	GetHandleVerifier [0x00007FF67CA66ABD+3709933]
	GetHandleVerifier [0x00007FF67CABFFFD+4075821]
	GetHandleVerifier [0x00007FF67CAB818F+4043455]
	GetHandleVerifier [0x00007FF67C789766+706710]
	(No symbol) [0x00007FF67C66B90F]
	(No symbol) [0x00007FF67C666AF4]
	(No symbol) [0x00007FF67C666C4C]
	(No symbol) [0x00007FF67C656904]
	BaseThreadInitThunk [0x00007FFA0868257D+29]
	RtlUserThreadStart [0x00007FFA0914AA58+40]

Button clicked successfully!
Button clicked successfully!
Button clicked successfully!
Button clicked successfully!
Button clicked successfully!
Button clicked successfully!
Button clicked successfully!
Button clicked successfully!
Button clicked successfully!
Button clicked successfully!
1, currURL:  https://www.screener.in/company/compare/00000022
Testing ban for URL:  https://www.screener.in/company/compare/00000022
Set BaseFolder to:  company/compare/00000022
2, currURL:  https://www.screener.in/company/compare/00000022
Opened URL:  https://www.screener.in/company/compare/00000022  Base Folder:  company/compare/00000022
3, currURL:  https://www.screener.in/company/compare/00000022
Changed baseFolder to  None
Button clicked successfully!
Button clicked successfully!
Button clicked successfully!
1, currURL:  https://www.screener.in/company/compare/00000080
Testing ban for URL:  https://www.screener.in/company/compare/00000080
Set BaseFolder to:  company/compare/00000080
2, currURL:  https://www.screener.in/company/compare/00000080
Opened URL:  https://www.screener.in/company/compare/00000080  Base Folder:  company/compare/00000080
3, currURL:  https://www.screener.in/company/compare/00000080
Changed baseFolder to  None
Button clicked successfully!
Button clicked successfully!
Button clicked successfully!
Button clicked successfully!
Button clicked successfully!
Button clicked successfully!
Button clicked successfully!
Button clicked successfully!
Button clicked successfully!
Button clicked successfully!
Button clicked successfully!
Button clicked successfully!
Button clicked successfully!
Button clicked successfully!
Button clicked successfully!
Button clicked successfully!
Button clicked successfully!
Button clicked successfully!
Button clicked successfully!
Button clicked successfully!
Button clicked successfully!
Button clicked successfully!
Button clicked successfully!
Button clicked successfully!
Button clicked successfully!
1, currURL:  https://www.screener.in/company/compare/00000023
Testing ban for URL:  https://www.screener.in/company/compare/00000023
Set BaseFolder to:  company/compare/00000023
2, currURL:  https://www.screener.in/company/compare/00000023
Opened URL:  https://www.screener.in/company/compare/00000023  Base Folder:  company/compare/00000023
3, currURL:  https://www.screener.in/company/compare/00000023
Changed baseFolder to  None
Button clicked successfully!
Button clicked successfully!
Button clicked successfully!
Button clicked successfully!
Button clicked successfully!
Button clicked successfully!
Button clicked successfully!
Button clicked successfully!
Button clicked successfully!
Button clicked successfully!
Button clicked successfully!
Button clicked successfully!
Button clicked successfully!
Button clicked successfully!
Button clicked successfully!
Button clicked successfully!
Button clicked successfully!
Button clicked successfully!
Button clicked successfully!
Button clicked successfully!
Button clicked successfully!
Button clicked successfully!
Button clicked successfully!
Button clicked successfully!
Button clicked successfully!
1, currURL:  https://www.screener.in/company/compare/00000073
Testing ban for URL:  https://www.screener.in/company/compare/00000073
Set BaseFolder to:  company/compare/00000073
2, currURL:  https://www.screener.in/company/compare/00000073
Opened URL:  https://www.screener.in/company/compare/00000073  Base Folder:  company/compare/00000073
3, currURL:  https://www.screener.in/company/compare/00000073
Changed baseFolder to  None
Button clicked successfully!
Button clicked successfully!
Button clicked successfully!
Button clicked successfully!
Button clicked successfully!
Button clicked successfully!
Button clicked successfully!
Button clicked successfully!
Button clicked successfully!
Button clicked successfully!
Button clicked successfully!
Button clicked successfully!
Button clicked successfully!
Button clicked successfully!
Button clicked successfully!
Button clicked successfully!
Button clicked successfully!
Button clicked successfully!
Button clicked successfully!
Button clicked successfully!
Button clicked successfully!
Button clicked successfully!
Button clicked successfully!
Button clicked successfully!
Button clicked successfully!
1, currURL:  https://www.screener.in/company/compare/00000076
Testing ban for URL:  https://www.screener.in/company/compare/00000076
Set BaseFolder to:  company/compare/00000076
2, currURL:  https://www.screener.in/company/compare/00000076
Opened URL:  https://www.screener.in/company/compare/00000076  Base Folder:  company/compare/00000076
3, currURL:  https://www.screener.in/company/compare/00000076
Changed baseFolder to  None
Button clicked successfully!
Button clicked successfully!
Button clicked successfully!
Button clicked successfully!
Button clicked successfully!
Button clicked successfully!
Button clicked successfully!
Button clicked successfully!
Button clicked successfully!
Button clicked successfully!
Button clicked successfully!
Button clicked successfully!
Button clicked successfully!
Button clicked successfully!
1, currURL:  https://www.screener.in/company/compare/00000072
Testing ban for URL:  https://www.screener.in/company/compare/00000072
Set BaseFolder to:  company/compare/00000072
2, currURL:  https://www.screener.in/company/compare/00000072
Opened URL:  https://www.screener.in/company/compare/00000072  Base Folder:  company/compare/00000072
3, currURL:  https://www.screener.in/company/compare/00000072
Changed baseFolder to  None
Button clicked successfully!
Button clicked successfully!
Button clicked successfully!
Button clicked successfully!
Button clicked successfully!
Button clicked successfully!
Button clicked successfully!
Button clicked successfully!
Button clicked successfully!
Button clicked successfully!
Button clicked successfully!
Button clicked successfully!
Button clicked successfully!
Button clicked successfully!
Button clicked successfully!
Button clicked successfully!
Button clicked successfully!
Button clicked successfully!
Button clicked successfully!
Button clicked successfully!
Button clicked successfully!
Button clicked successfully!
Button clicked successfully!
Button clicked successfully!
Button clicked successfully!
1, currURL:  https://www.screener.in/company/compare/00000024
Testing ban for URL:  https://www.screener.in/company/compare/00000024
Set BaseFolder to:  company/compare/00000024
2, currURL:  https://www.screener.in/company/compare/00000024
Opened URL:  https://www.screener.in/company/compare/00000024  Base Folder:  company/compare/00000024
3, currURL:  https://www.screener.in/company/compare/00000024
Changed baseFolder to  None
Button clicked successfully!
Button clicked successfully!
Button clicked successfully!
Button clicked successfully!
Button clicked successfully!
Button clicked successfully!
Button clicked successfully!
Button clicked successfully!
Button clicked successfully!
Button clicked successfully!
Button clicked successfully!
Button clicked successfully!
Button clicked successfully!
Button clicked successfully!
Button clicked successfully!
Button clicked successfully!
Button clicked successfully!
Button clicked successfully!
Button clicked successfully!
Button clicked successfully!
Button clicked successfully!
Button clicked successfully!
Button clicked successfully!
Button clicked successfully!
Button clicked successfully!
1, currURL:  https://www.screener.in/company/compare/00000069
Testing ban for URL:  https://www.screener.in/company/compare/00000069
Set BaseFolder to:  company/compare/00000069
2, currURL:  https://www.screener.in/company/compare/00000069
Opened URL:  https://www.screener.in/company/compare/00000069  Base Folder:  company/compare/00000069
3, currURL:  https://www.screener.in/company/compare/00000069
Changed baseFolder to  None
1, currURL:  https://www.screener.in/company/compare/00000071
Testing ban for URL:  https://www.screener.in/company/compare/00000071
Set BaseFolder to:  company/compare/00000071
2, currURL:  https://www.screener.in/company/compare/00000071
Opened URL:  https://www.screener.in/company/compare/00000071  Base Folder:  company/compare/00000071
3, currURL:  https://www.screener.in/company/compare/00000071
Changed baseFolder to  None
Button clicked successfully!
Button clicked successfully!
Button clicked successfully!
Button clicked successfully!
Button clicked successfully!
1, currURL:  https://www.screener.in/company/compare/00000025
Testing ban for URL:  https://www.screener.in/company/compare/00000025
Set BaseFolder to:  company/compare/00000025
2, currURL:  https://www.screener.in/company/compare/00000025
Opened URL:  https://www.screener.in/company/compare/00000025  Base Folder:  company/compare/00000025
3, currURL:  https://www.screener.in/company/compare/00000025
Changed baseFolder to  None
Button clicked successfully!
Button clicked successfully!
Button clicked successfully!
Button clicked successfully!
Button clicked successfully!
Button clicked successfully!
Button clicked successfully!
Button clicked successfully!
Button clicked successfully!
Button clicked successfully!
Button clicked successfully!
Button clicked successfully!
Button clicked successfully!
Button clicked successfully!
Button clicked successfully!
Button clicked successfully!
Button clicked successfully!
Button clicked successfully!
Button clicked successfully!
Button clicked successfully!
Button clicked successfully!
Button clicked successfully!
Button clicked successfully!
Button clicked successfully!
Button clicked successfully!
1, currURL:  https://www.screener.in/company/compare/00000026
Testing ban for URL:  https://www.screener.in/company/compare/00000026
Set BaseFolder to:  company/compare/00000026
2, currURL:  https://www.screener.in/company/compare/00000026
Opened URL:  https://www.screener.in/company/compare/00000026  Base Folder:  company/compare/00000026
3, currURL:  https://www.screener.in/company/compare/00000026
Changed baseFolder to  None
Button clicked successfully!
Button clicked successfully!
Button clicked successfully!
Button clicked successfully!
Button clicked successfully!
Button clicked successfully!
Button clicked successfully!
Button clicked successfully!
Button clicked successfully!
Button clicked successfully!
Button clicked successfully!
Button clicked successfully!
Button clicked successfully!
Button clicked successfully!
Button clicked successfully!
Button clicked successfully!
Button clicked successfully!
Button clicked successfully!
Button clicked successfully!
Button clicked successfully!
Button clicked successfully!
Button clicked successfully!
Button clicked successfully!
Button clicked successfully!
Button clicked successfully!
1, currURL:  https://www.screener.in/company/compare/00000027
Testing ban for URL:  https://www.screener.in/company/compare/00000027
Set BaseFolder to:  company/compare/00000027
2, currURL:  https://www.screener.in/company/compare/00000027
Opened URL:  https://www.screener.in/company/compare/00000027  Base Folder:  company/compare/00000027
3, currURL:  https://www.screener.in/company/compare/00000027
Changed baseFolder to  None
Button clicked successfully!
Button clicked successfully!
Button clicked successfully!
Button clicked successfully!
Button clicked successfully!
Button clicked successfully!
Button clicked successfully!
Button clicked successfully!
Button clicked successfully!
Button clicked successfully!
Button clicked successfully!
Button clicked successfully!
Button clicked successfully!
Button clicked successfully!
Button clicked successfully!
Button clicked successfully!
Button clicked successfully!
Button clicked successfully!
Button clicked successfully!
Button clicked successfully!
Button clicked successfully!
Button clicked successfully!
Button clicked successfully!
Button clicked successfully!
Button clicked successfully!
1, currURL:  https://www.screener.in/company/compare/00000028
Testing ban for URL:  https://www.screener.in/company/compare/00000028
Set BaseFolder to:  company/compare/00000028
2, currURL:  https://www.screener.in/company/compare/00000028
Opened URL:  https://www.screener.in/company/compare/00000028  Base Folder:  company/compare/00000028
3, currURL:  https://www.screener.in/company/compare/00000028
Changed baseFolder to  None
Button clicked successfully!
Button clicked successfully!
Button clicked successfully!
Button clicked successfully!
Button clicked successfully!
Button clicked successfully!
Button clicked successfully!
Button clicked successfully!
Button clicked successfully!
1, currURL:  https://www.screener.in/company/compare/00000029
Testing ban for URL:  https://www.screener.in/company/compare/00000029
Set BaseFolder to:  company/compare/00000029
2, currURL:  https://www.screener.in/company/compare/00000029
Opened URL:  https://www.screener.in/company/compare/00000029  Base Folder:  company/compare/00000029
3, currURL:  https://www.screener.in/company/compare/00000029
Changed baseFolder to  None
Button clicked successfully!
Button clicked successfully!
Button clicked successfully!
Button clicked successfully!
Button clicked successfully!
Button clicked successfully!
Button clicked successfully!
Button clicked successfully!
Button clicked successfully!
Button clicked successfully!
1, currURL:  https://www.screener.in/company/compare/00000030
Testing ban for URL:  https://www.screener.in/company/compare/00000030
Set BaseFolder to:  company/compare/00000030
2, currURL:  https://www.screener.in/company/compare/00000030
Opened URL:  https://www.screener.in/company/compare/00000030  Base Folder:  company/compare/00000030
3, currURL:  https://www.screener.in/company/compare/00000030
Changed baseFolder to  None
Button clicked successfully!
Button clicked successfully!
Button clicked successfully!
Button clicked successfully!
Button clicked successfully!
Button clicked successfully!
Button clicked successfully!
Button clicked successfully!
Button clicked successfully!
Button clicked successfully!
Button clicked successfully!
Button clicked successfully!
Button clicked successfully!
Button clicked successfully!
Button clicked successfully!
Button clicked successfully!
Button clicked successfully!
Button clicked successfully!
Button clicked successfully!
Button clicked successfully!
Button clicked successfully!
Button clicked successfully!
Button clicked successfully!
Button clicked successfully!
Button clicked successfully!
1, currURL:  https://www.screener.in/company/compare/00000031
Testing ban for URL:  https://www.screener.in/company/compare/00000031
Set BaseFolder to:  company/compare/00000031
2, currURL:  https://www.screener.in/company/compare/00000031
Opened URL:  https://www.screener.in/company/compare/00000031  Base Folder:  company/compare/00000031
3, currURL:  https://www.screener.in/company/compare/00000031
Changed baseFolder to  None
Button clicked successfully!
Button clicked successfully!
Button clicked successfully!
Button clicked successfully!
Button clicked successfully!
Button clicked successfully!
Button clicked successfully!
Button clicked successfully!
Button clicked successfully!
Button clicked successfully!
Button clicked successfully!
Button clicked successfully!
Button clicked successfully!
Button clicked successfully!
Button clicked successfully!
Button clicked successfully!
Button clicked successfully!
Button clicked successfully!
Button clicked successfully!
Button clicked successfully!
Button clicked successfully!
Button clicked successfully!
Button clicked successfully!
Button clicked successfully!
Button clicked successfully!
1, currURL:  https://www.screener.in/company/compare/00000032
Testing ban for URL:  https://www.screener.in/company/compare/00000032
Set BaseFolder to:  company/compare/00000032
2, currURL:  https://www.screener.in/company/compare/00000032
Opened URL:  https://www.screener.in/company/compare/00000032  Base Folder:  company/compare/00000032
3, currURL:  https://www.screener.in/company/compare/00000032
Changed baseFolder to  None
Button clicked successfully!
Button clicked successfully!
Button clicked successfully!
Button clicked successfully!
Button clicked successfully!
Button clicked successfully!
Button clicked successfully!
Button clicked successfully!
Button clicked successfully!
Button clicked successfully!
Button clicked successfully!
Button clicked successfully!
Button clicked successfully!
Button clicked successfully!
Button clicked successfully!
Button clicked successfully!
Button clicked successfully!
Button clicked successfully!
Button clicked successfully!
Button clicked successfully!
Button clicked successfully!
Button clicked successfully!
Button clicked successfully!
Button clicked successfully!
Button clicked successfully!
1, currURL:  https://www.screener.in/company/compare/00000082
Testing ban for URL:  https://www.screener.in/company/compare/00000082
Set BaseFolder to:  company/compare/00000082
2, currURL:  https://www.screener.in/company/compare/00000082
Opened URL:  https://www.screener.in/company/compare/00000082  Base Folder:  company/compare/00000082
3, currURL:  https://www.screener.in/company/compare/00000082
Changed baseFolder to  None
Button clicked successfully!
Button clicked successfully!
Button clicked successfully!
Button clicked successfully!
Button clicked successfully!
Button clicked successfully!
1, currURL:  https://www.screener.in/company/compare/00000067
Testing ban for URL:  https://www.screener.in/company/compare/00000067
Set BaseFolder to:  company/compare/00000067
2, currURL:  https://www.screener.in/company/compare/00000067
Opened URL:  https://www.screener.in/company/compare/00000067  Base Folder:  company/compare/00000067
3, currURL:  https://www.screener.in/company/compare/00000067
Changed baseFolder to  None
Button clicked successfully!
Button clicked successfully!
Button clicked successfully!
Button clicked successfully!
Button clicked successfully!
Button clicked successfully!
Button clicked successfully!
Button clicked successfully!
Button clicked successfully!
1, currURL:  https://www.screener.in/company/compare/00000033
Testing ban for URL:  https://www.screener.in/company/compare/00000033
Set BaseFolder to:  company/compare/00000033
2, currURL:  https://www.screener.in/company/compare/00000033
Opened URL:  https://www.screener.in/company/compare/00000033  Base Folder:  company/compare/00000033
3, currURL:  https://www.screener.in/company/compare/00000033
Changed baseFolder to  None
Button clicked successfully!
Button clicked successfully!
Button clicked successfully!
Button clicked successfully!
Button clicked successfully!
Button clicked successfully!
Button clicked successfully!
Button clicked successfully!
Button clicked successfully!
Button clicked successfully!
Button clicked successfully!
Button clicked successfully!
Button clicked successfully!
1, currURL:  https://www.screener.in/company/compare/00000034
Testing ban for URL:  https://www.screener.in/company/compare/00000034
Set BaseFolder to:  company/compare/00000034
2, currURL:  https://www.screener.in/company/compare/00000034
Opened URL:  https://www.screener.in/company/compare/00000034  Base Folder:  company/compare/00000034
3, currURL:  https://www.screener.in/company/compare/00000034
Changed baseFolder to  None
Button clicked successfully!
Button clicked successfully!
Button clicked successfully!
Button clicked successfully!
Button clicked successfully!
Button clicked successfully!
Button clicked successfully!
Button clicked successfully!
Button clicked successfully!
Button clicked successfully!
Button clicked successfully!
Button clicked successfully!
Button clicked successfully!
Button clicked successfully!
Button clicked successfully!
Button clicked successfully!
Button clicked successfully!
Button clicked successfully!
Button clicked successfully!
Button clicked successfully!
Button clicked successfully!
Button clicked successfully!
Button clicked successfully!
Button clicked successfully!
Button clicked successfully!
1, currURL:  https://www.screener.in/company/compare/00000035
Testing ban for URL:  https://www.screener.in/company/compare/00000035
Set BaseFolder to:  company/compare/00000035
2, currURL:  https://www.screener.in/company/compare/00000035
Opened URL:  https://www.screener.in/company/compare/00000035  Base Folder:  company/compare/00000035
3, currURL:  https://www.screener.in/company/compare/00000035
Changed baseFolder to  None
Button clicked successfully!
Button clicked successfully!
Button clicked successfully!
Button clicked successfully!
Button clicked successfully!
Button clicked successfully!
Button clicked successfully!
Button clicked successfully!
Button clicked successfully!
Button clicked successfully!
Button clicked successfully!
Button clicked successfully!
Button clicked successfully!
Button clicked successfully!
Button clicked successfully!
Button clicked successfully!
Button clicked successfully!
Button clicked successfully!
Button clicked successfully!
1, currURL:  https://www.screener.in/company/compare/00000036
Testing ban for URL:  https://www.screener.in/company/compare/00000036
Set BaseFolder to:  company/compare/00000036
2, currURL:  https://www.screener.in/company/compare/00000036
Opened URL:  https://www.screener.in/company/compare/00000036  Base Folder:  company/compare/00000036
3, currURL:  https://www.screener.in/company/compare/00000036
Changed baseFolder to  None
Button clicked successfully!
Button clicked successfully!
Button clicked successfully!
Button clicked successfully!
Button clicked successfully!
Button clicked successfully!
Button clicked successfully!
Button clicked successfully!
Button clicked successfully!
Button clicked successfully!
Button clicked successfully!
Button clicked successfully!
Button clicked successfully!
Button clicked successfully!
Button clicked successfully!
Button clicked successfully!
Button clicked successfully!
Button clicked successfully!
Button clicked successfully!
Button clicked successfully!
Button clicked successfully!
Button clicked successfully!
Button clicked successfully!
Button clicked successfully!
Button clicked successfully!
1, currURL:  https://www.screener.in/company/compare/00000083
Testing ban for URL:  https://www.screener.in/company/compare/00000083
Set BaseFolder to:  company/compare/00000083
2, currURL:  https://www.screener.in/company/compare/00000083
Opened URL:  https://www.screener.in/company/compare/00000083  Base Folder:  company/compare/00000083
3, currURL:  https://www.screener.in/company/compare/00000083
Changed baseFolder to  None
Button clicked successfully!
Button clicked successfully!
Button clicked successfully!
1, currURL:  https://www.screener.in/company/compare/00000037
Testing ban for URL:  https://www.screener.in/company/compare/00000037
Set BaseFolder to:  company/compare/00000037
2, currURL:  https://www.screener.in/company/compare/00000037
Opened URL:  https://www.screener.in/company/compare/00000037  Base Folder:  company/compare/00000037
3, currURL:  https://www.screener.in/company/compare/00000037
Changed baseFolder to  None
Button clicked successfully!
Button clicked successfully!
Button clicked successfully!
Button clicked successfully!
Button clicked successfully!
Button clicked successfully!
Button clicked successfully!
Button clicked successfully!
Button clicked successfully!
Button clicked successfully!
Button clicked successfully!
Button clicked successfully!
Button clicked successfully!
Button clicked successfully!
Button clicked successfully!
Button clicked successfully!
Button clicked successfully!
1, currURL:  https://www.screener.in/company/compare/00000038
Testing ban for URL:  https://www.screener.in/company/compare/00000038
Set BaseFolder to:  company/compare/00000038
2, currURL:  https://www.screener.in/company/compare/00000038
Opened URL:  https://www.screener.in/company/compare/00000038  Base Folder:  company/compare/00000038
3, currURL:  https://www.screener.in/company/compare/00000038
Changed baseFolder to  None
Button clicked successfully!
Button clicked successfully!
Button clicked successfully!
Button clicked successfully!
Button clicked successfully!
Button clicked successfully!
Button clicked successfully!
Button clicked successfully!
Button clicked successfully!
Button clicked successfully!
Button clicked successfully!
Button clicked successfully!
Button clicked successfully!
Button clicked successfully!
Button clicked successfully!
Button clicked successfully!
Button clicked successfully!
Button clicked successfully!
Button clicked successfully!
Button clicked successfully!
Button clicked successfully!
Button clicked successfully!
Button clicked successfully!
Button clicked successfully!
Button clicked successfully!
1, currURL:  https://www.screener.in/company/compare/00000039
Testing ban for URL:  https://www.screener.in/company/compare/00000039
Set BaseFolder to:  company/compare/00000039
2, currURL:  https://www.screener.in/company/compare/00000039
Opened URL:  https://www.screener.in/company/compare/00000039  Base Folder:  company/compare/00000039
3, currURL:  https://www.screener.in/company/compare/00000039
Changed baseFolder to  None
Button clicked successfully!
Button clicked successfully!
Button clicked successfully!
Button clicked successfully!
Button clicked successfully!
Button clicked successfully!
Button clicked successfully!
Button clicked successfully!
Button clicked successfully!
Button clicked successfully!
Button clicked successfully!
Button clicked successfully!
Button clicked successfully!
Button clicked successfully!
Button clicked successfully!
Button clicked successfully!
Button clicked successfully!
Button clicked successfully!
Button clicked successfully!
Button clicked successfully!
Button clicked successfully!
Button clicked successfully!
Button clicked successfully!
Button clicked successfully!
Button clicked successfully!
1, currURL:  https://www.screener.in/company/compare/00000040
Testing ban for URL:  https://www.screener.in/company/compare/00000040
Set BaseFolder to:  company/compare/00000040
2, currURL:  https://www.screener.in/company/compare/00000040
Opened URL:  https://www.screener.in/company/compare/00000040  Base Folder:  company/compare/00000040
3, currURL:  https://www.screener.in/company/compare/00000040
Changed baseFolder to  None
Button clicked successfully!
Button clicked successfully!
Button clicked successfully!
Button clicked successfully!
Button clicked successfully!
Button clicked successfully!
Button clicked successfully!
Button clicked successfully!
Button clicked successfully!
Button clicked successfully!
Button clicked successfully!
Button clicked successfully!
Button clicked successfully!
Button clicked successfully!
Button clicked successfully!
Button clicked successfully!
Button clicked successfully!
Button clicked successfully!
Button clicked successfully!
Button clicked successfully!
Button clicked successfully!
Button clicked successfully!
Button clicked successfully!
Button clicked successfully!
Button clicked successfully!
1, currURL:  https://www.screener.in/company/compare/00000041
Testing ban for URL:  https://www.screener.in/company/compare/00000041
Set BaseFolder to:  company/compare/00000041
2, currURL:  https://www.screener.in/company/compare/00000041
Opened URL:  https://www.screener.in/company/compare/00000041  Base Folder:  company/compare/00000041
3, currURL:  https://www.screener.in/company/compare/00000041
Changed baseFolder to  None
Button clicked successfully!
Button clicked successfully!
Button clicked successfully!
Button clicked successfully!
Button clicked successfully!
1, currURL:  https://www.screener.in/company/compare/00000075
Testing ban for URL:  https://www.screener.in/company/compare/00000075
Set BaseFolder to:  company/compare/00000075
2, currURL:  https://www.screener.in/company/compare/00000075
Opened URL:  https://www.screener.in/company/compare/00000075  Base Folder:  company/compare/00000075
3, currURL:  https://www.screener.in/company/compare/00000075
Changed baseFolder to  None
1, currURL:  https://www.screener.in/company/compare/00000042
Testing ban for URL:  https://www.screener.in/company/compare/00000042
Set BaseFolder to:  company/compare/00000042
2, currURL:  https://www.screener.in/company/compare/00000042
Opened URL:  https://www.screener.in/company/compare/00000042  Base Folder:  company/compare/00000042
3, currURL:  https://www.screener.in/company/compare/00000042
Changed baseFolder to  None
Button clicked successfully!
Button clicked successfully!
Button clicked successfully!
Button clicked successfully!
Button clicked successfully!
Button clicked successfully!
Button clicked successfully!
Button clicked successfully!
Button clicked successfully!
Button clicked successfully!
Button clicked successfully!
Button clicked successfully!
Button clicked successfully!
Button clicked successfully!
Button clicked successfully!
Button clicked successfully!
Button clicked successfully!
Button clicked successfully!
Button clicked successfully!
Button clicked successfully!
Button clicked successfully!
Button clicked successfully!
Button clicked successfully!
Button clicked successfully!
Button clicked successfully!
1, currURL:  https://www.screener.in/company/compare/00000043
Testing ban for URL:  https://www.screener.in/company/compare/00000043
Set BaseFolder to:  company/compare/00000043
2, currURL:  https://www.screener.in/company/compare/00000043
Opened URL:  https://www.screener.in/company/compare/00000043  Base Folder:  company/compare/00000043
3, currURL:  https://www.screener.in/company/compare/00000043
Changed baseFolder to  None
Button clicked successfully!
Button clicked successfully!
Button clicked successfully!
Button clicked successfully!
Button clicked successfully!
Button clicked successfully!
Button clicked successfully!
Button clicked successfully!
1, currURL:  https://www.screener.in/company/compare/00000044
Testing ban for URL:  https://www.screener.in/company/compare/00000044
Set BaseFolder to:  company/compare/00000044
2, currURL:  https://www.screener.in/company/compare/00000044
Opened URL:  https://www.screener.in/company/compare/00000044  Base Folder:  company/compare/00000044
3, currURL:  https://www.screener.in/company/compare/00000044
Changed baseFolder to  None
Button clicked successfully!
Button clicked successfully!
Button clicked successfully!
Button clicked successfully!
Button clicked successfully!
Button clicked successfully!
Button clicked successfully!
Button clicked successfully!
Button clicked successfully!
Button clicked successfully!
Button clicked successfully!
Button clicked successfully!
Button clicked successfully!
Button clicked successfully!
Button clicked successfully!
Button clicked successfully!
Button clicked successfully!
Button clicked successfully!
Button clicked successfully!
Button clicked successfully!
Button clicked successfully!
Button clicked successfully!
Button clicked successfully!
Button clicked successfully!
Button clicked successfully!
1, currURL:  https://www.screener.in/company/compare/00000045
Testing ban for URL:  https://www.screener.in/company/compare/00000045
Set BaseFolder to:  company/compare/00000045
2, currURL:  https://www.screener.in/company/compare/00000045
Opened URL:  https://www.screener.in/company/compare/00000045  Base Folder:  company/compare/00000045
3, currURL:  https://www.screener.in/company/compare/00000045
Changed baseFolder to  None
Button clicked successfully!
Button clicked successfully!
Button clicked successfully!
Button clicked successfully!
Button clicked successfully!
Button clicked successfully!
Button clicked successfully!
Button clicked successfully!
Button clicked successfully!
Button clicked successfully!
Button clicked successfully!
Button clicked successfully!
Button clicked successfully!
1, currURL:  https://www.screener.in/company/compare/00000046
Testing ban for URL:  https://www.screener.in/company/compare/00000046
Set BaseFolder to:  company/compare/00000046
2, currURL:  https://www.screener.in/company/compare/00000046
Opened URL:  https://www.screener.in/company/compare/00000046  Base Folder:  company/compare/00000046
3, currURL:  https://www.screener.in/company/compare/00000046
Changed baseFolder to  None
Button clicked successfully!
Button clicked successfully!
Button clicked successfully!
Button clicked successfully!
Button clicked successfully!
Button clicked successfully!
Button clicked successfully!
Button clicked successfully!
Button clicked successfully!
Button clicked successfully!
Button clicked successfully!
Button clicked successfully!
Button clicked successfully!
Button clicked successfully!
Button clicked successfully!
Button clicked successfully!
Button clicked successfully!
Button clicked successfully!
Button clicked successfully!
Button clicked successfully!
Button clicked successfully!
Button clicked successfully!
Button clicked successfully!
Button clicked successfully!
Button clicked successfully!
1, currURL:  https://www.screener.in/company/compare/00000047
Testing ban for URL:  https://www.screener.in/company/compare/00000047
Set BaseFolder to:  company/compare/00000047
2, currURL:  https://www.screener.in/company/compare/00000047
Opened URL:  https://www.screener.in/company/compare/00000047  Base Folder:  company/compare/00000047
3, currURL:  https://www.screener.in/company/compare/00000047
Changed baseFolder to  None
Button clicked successfully!
Button clicked successfully!
Button clicked successfully!
Button clicked successfully!
Button clicked successfully!
Button clicked successfully!
Button clicked successfully!
Button clicked successfully!
Button clicked successfully!
Button clicked successfully!
Button clicked successfully!
Button clicked successfully!
Button clicked successfully!
Button clicked successfully!
Button clicked successfully!
Button clicked successfully!
Button clicked successfully!
Button clicked successfully!
Button clicked successfully!
Button clicked successfully!
Button clicked successfully!
Button clicked successfully!
Button clicked successfully!
Button clicked successfully!
Button clicked successfully!
1, currURL:  https://www.screener.in/company/compare/00000048
Testing ban for URL:  https://www.screener.in/company/compare/00000048
Set BaseFolder to:  company/compare/00000048
2, currURL:  https://www.screener.in/company/compare/00000048
Opened URL:  https://www.screener.in/company/compare/00000048  Base Folder:  company/compare/00000048
3, currURL:  https://www.screener.in/company/compare/00000048
Changed baseFolder to  None
Button clicked successfully!
Button clicked successfully!
Button clicked successfully!
Button clicked successfully!
Button clicked successfully!
Button clicked successfully!
Button clicked successfully!
Button clicked successfully!
Button clicked successfully!
Button clicked successfully!
Button clicked successfully!
Button clicked successfully!
Button clicked successfully!
Button clicked successfully!
Button clicked successfully!
Button clicked successfully!
Button clicked successfully!
Button clicked successfully!
Button clicked successfully!
Button clicked successfully!
Button clicked successfully!
Button clicked successfully!
Button clicked successfully!
Button clicked successfully!
Button clicked successfully!
1, currURL:  https://www.screener.in/company/compare/00000086
Testing ban for URL:  https://www.screener.in/company/compare/00000086
Set BaseFolder to:  company/compare/00000086
2, currURL:  https://www.screener.in/company/compare/00000086
Opened URL:  https://www.screener.in/company/compare/00000086  Base Folder:  company/compare/00000086
3, currURL:  https://www.screener.in/company/compare/00000086
Changed baseFolder to  None
Button clicked successfully!
Button clicked successfully!
Button clicked successfully!
Button clicked successfully!
Button clicked successfully!
Button clicked successfully!
Button clicked successfully!
Button clicked successfully!
Button clicked successfully!
Button clicked successfully!
Button clicked successfully!
Button clicked successfully!
Button clicked successfully!
Button clicked successfully!
Button clicked successfully!
Button clicked successfully!
Button clicked successfully!
Button clicked successfully!
1, currURL:  https://www.screener.in/company/compare/00000049
Testing ban for URL:  https://www.screener.in/company/compare/00000049
Set BaseFolder to:  company/compare/00000049
2, currURL:  https://www.screener.in/company/compare/00000049
Opened URL:  https://www.screener.in/company/compare/00000049  Base Folder:  company/compare/00000049
3, currURL:  https://www.screener.in/company/compare/00000049
Changed baseFolder to  None
Button clicked successfully!
Button clicked successfully!
Button clicked successfully!
Button clicked successfully!
Button clicked successfully!
Button clicked successfully!
Button clicked successfully!
Button clicked successfully!
Button clicked successfully!
Button clicked successfully!
Button clicked successfully!
Button clicked successfully!
Button clicked successfully!
Button clicked successfully!
Button clicked successfully!
Button clicked successfully!
Button clicked successfully!
Button clicked successfully!
Button clicked successfully!
Button clicked successfully!
Button clicked successfully!
Button clicked successfully!
Button clicked successfully!
Button clicked successfully!
Button clicked successfully!
1, currURL:  https://www.screener.in/company/compare/00000079
Testing ban for URL:  https://www.screener.in/company/compare/00000079
Set BaseFolder to:  company/compare/00000079
2, currURL:  https://www.screener.in/company/compare/00000079
Opened URL:  https://www.screener.in/company/compare/00000079  Base Folder:  company/compare/00000079
3, currURL:  https://www.screener.in/company/compare/00000079
Changed baseFolder to  None
Button clicked successfully!
Button clicked successfully!
Button clicked successfully!
1, currURL:  https://www.screener.in/company/compare/00000074
Testing ban for URL:  https://www.screener.in/company/compare/00000074
Set BaseFolder to:  company/compare/00000074
2, currURL:  https://www.screener.in/company/compare/00000074
Opened URL:  https://www.screener.in/company/compare/00000074  Base Folder:  company/compare/00000074
3, currURL:  https://www.screener.in/company/compare/00000074
Changed baseFolder to  None
Button clicked successfully!
Button clicked successfully!
Button clicked successfully!
Button clicked successfully!
Button clicked successfully!
Button clicked successfully!
Button clicked successfully!
Button clicked successfully!
Button clicked successfully!
Button clicked successfully!
Button clicked successfully!
Button clicked successfully!
Button clicked successfully!
Button clicked successfully!
Button clicked successfully!
Button clicked successfully!
Button clicked successfully!
Button clicked successfully!
1, currURL:  https://www.screener.in/company/compare/00000084
Testing ban for URL:  https://www.screener.in/company/compare/00000084
Set BaseFolder to:  company/compare/00000084
2, currURL:  https://www.screener.in/company/compare/00000084
Opened URL:  https://www.screener.in/company/compare/00000084  Base Folder:  company/compare/00000084
3, currURL:  https://www.screener.in/company/compare/00000084
Changed baseFolder to  None
Button clicked successfully!
Button clicked successfully!
Button clicked successfully!
Button clicked successfully!
Button clicked successfully!
Button clicked successfully!
Button clicked successfully!
1, currURL:  https://www.screener.in/company/compare/00000077
Testing ban for URL:  https://www.screener.in/company/compare/00000077
Set BaseFolder to:  company/compare/00000077
2, currURL:  https://www.screener.in/company/compare/00000077
Opened URL:  https://www.screener.in/company/compare/00000077  Base Folder:  company/compare/00000077
3, currURL:  https://www.screener.in/company/compare/00000077
Changed baseFolder to  None
Button clicked successfully!
1, currURL:  https://www.screener.in/company/compare/00000050
Testing ban for URL:  https://www.screener.in/company/compare/00000050
Set BaseFolder to:  company/compare/00000050
2, currURL:  https://www.screener.in/company/compare/00000050
Opened URL:  https://www.screener.in/company/compare/00000050  Base Folder:  company/compare/00000050
3, currURL:  https://www.screener.in/company/compare/00000050
Changed baseFolder to  None
Button clicked successfully!
Button clicked successfully!
Button clicked successfully!
Button clicked successfully!
Button clicked successfully!
Button clicked successfully!
Button clicked successfully!
Button clicked successfully!
Button clicked successfully!
Button clicked successfully!
Button clicked successfully!
Button clicked successfully!
Button clicked successfully!
Button clicked successfully!
Button clicked successfully!
Button clicked successfully!
Button clicked successfully!
1, currURL:  https://www.screener.in/company/compare/00000081
Testing ban for URL:  https://www.screener.in/company/compare/00000081
Set BaseFolder to:  company/compare/00000081
2, currURL:  https://www.screener.in/company/compare/00000081
Opened URL:  https://www.screener.in/company/compare/00000081  Base Folder:  company/compare/00000081
3, currURL:  https://www.screener.in/company/compare/00000081
Changed baseFolder to  None
Button clicked successfully!
Button clicked successfully!
Button clicked successfully!
Button clicked successfully!
1, currURL:  https://www.screener.in/company/compare/00000051
Testing ban for URL:  https://www.screener.in/company/compare/00000051
Set BaseFolder to:  company/compare/00000051
2, currURL:  https://www.screener.in/company/compare/00000051
Opened URL:  https://www.screener.in/company/compare/00000051  Base Folder:  company/compare/00000051
3, currURL:  https://www.screener.in/company/compare/00000051
Changed baseFolder to  None
Button clicked successfully!
Button clicked successfully!
Button clicked successfully!
Button clicked successfully!
Button clicked successfully!
Button clicked successfully!
Button clicked successfully!
Button clicked successfully!
Button clicked successfully!
Button clicked successfully!
Button clicked successfully!
Button clicked successfully!
Button clicked successfully!
Button clicked successfully!
Button clicked successfully!
Button clicked successfully!
Button clicked successfully!
Button clicked successfully!
Button clicked successfully!
Button clicked successfully!
Button clicked successfully!
Button clicked successfully!
Button clicked successfully!
Button clicked successfully!
Button clicked successfully!
1, currURL:  https://www.screener.in/company/compare/00000052
Testing ban for URL:  https://www.screener.in/company/compare/00000052
Set BaseFolder to:  company/compare/00000052
2, currURL:  https://www.screener.in/company/compare/00000052
Opened URL:  https://www.screener.in/company/compare/00000052  Base Folder:  company/compare/00000052
3, currURL:  https://www.screener.in/company/compare/00000052
Changed baseFolder to  None
Button clicked successfully!
Button clicked successfully!
Button clicked successfully!
Button clicked successfully!
Button clicked successfully!
Button clicked successfully!
Button clicked successfully!
Button clicked successfully!
1, currURL:  https://www.screener.in/company/compare/00000053
Testing ban for URL:  https://www.screener.in/company/compare/00000053
Set BaseFolder to:  company/compare/00000053
2, currURL:  https://www.screener.in/company/compare/00000053
Opened URL:  https://www.screener.in/company/compare/00000053  Base Folder:  company/compare/00000053
3, currURL:  https://www.screener.in/company/compare/00000053
Changed baseFolder to  None
Button clicked successfully!
Button clicked successfully!
Button clicked successfully!
Button clicked successfully!
Button clicked successfully!
Button clicked successfully!
Button clicked successfully!
Button clicked successfully!
1, currURL:  https://www.screener.in/company/compare/00000054
Testing ban for URL:  https://www.screener.in/company/compare/00000054
Set BaseFolder to:  company/compare/00000054
2, currURL:  https://www.screener.in/company/compare/00000054
Opened URL:  https://www.screener.in/company/compare/00000054  Base Folder:  company/compare/00000054
3, currURL:  https://www.screener.in/company/compare/00000054
Changed baseFolder to  None
Button clicked successfully!
Button clicked successfully!
Button clicked successfully!
Button clicked successfully!
Button clicked successfully!
Button clicked successfully!
Button clicked successfully!
Button clicked successfully!
Button clicked successfully!
Button clicked successfully!
Button clicked successfully!
Button clicked successfully!
Button clicked successfully!
Button clicked successfully!
Button clicked successfully!
Button clicked successfully!
Button clicked successfully!
Button clicked successfully!
Button clicked successfully!
Button clicked successfully!
Button clicked successfully!
Button clicked successfully!
Button clicked successfully!
Button clicked successfully!
Button clicked successfully!
1, currURL:  https://www.screener.in/company/compare/00000070
Testing ban for URL:  https://www.screener.in/company/compare/00000070
Set BaseFolder to:  company/compare/00000070
2, currURL:  https://www.screener.in/company/compare/00000070
Opened URL:  https://www.screener.in/company/compare/00000070  Base Folder:  company/compare/00000070
3, currURL:  https://www.screener.in/company/compare/00000070
Changed baseFolder to  None
1, currURL:  https://www.screener.in/company/compare/00000055
Testing ban for URL:  https://www.screener.in/company/compare/00000055
Set BaseFolder to:  company/compare/00000055
2, currURL:  https://www.screener.in/company/compare/00000055
Opened URL:  https://www.screener.in/company/compare/00000055  Base Folder:  company/compare/00000055
3, currURL:  https://www.screener.in/company/compare/00000055
Changed baseFolder to  None
Button clicked successfully!
Button clicked successfully!
Button clicked successfully!
Button clicked successfully!
Button clicked successfully!
1, currURL:  https://www.screener.in/company/compare/00000056
Testing ban for URL:  https://www.screener.in/company/compare/00000056
Set BaseFolder to:  company/compare/00000056
2, currURL:  https://www.screener.in/company/compare/00000056
Opened URL:  https://www.screener.in/company/compare/00000056  Base Folder:  company/compare/00000056
3, currURL:  https://www.screener.in/company/compare/00000056
Changed baseFolder to  None
Button clicked successfully!
Button clicked successfully!
Button clicked successfully!
Button clicked successfully!
Button clicked successfully!
Button clicked successfully!
Button clicked successfully!
Button clicked successfully!
Button clicked successfully!
Button clicked successfully!
Button clicked successfully!
1, currURL:  https://www.screener.in/company/compare/00000057
Testing ban for URL:  https://www.screener.in/company/compare/00000057
Set BaseFolder to:  company/compare/00000057
2, currURL:  https://www.screener.in/company/compare/00000057
Opened URL:  https://www.screener.in/company/compare/00000057  Base Folder:  company/compare/00000057
3, currURL:  https://www.screener.in/company/compare/00000057
Changed baseFolder to  None
Button clicked successfully!
Button clicked successfully!
Button clicked successfully!
Button clicked successfully!
Button clicked successfully!
Button clicked successfully!
Button clicked successfully!
Button clicked successfully!
Button clicked successfully!
Button clicked successfully!
Button clicked successfully!
Button clicked successfully!
Button clicked successfully!
Button clicked successfully!
Button clicked successfully!
Button clicked successfully!
Button clicked successfully!
Button clicked successfully!
Button clicked successfully!
Button clicked successfully!
Button clicked successfully!
Button clicked successfully!
Button clicked successfully!
Button clicked successfully!
Button clicked successfully!
1, currURL:  https://www.screener.in/company/compare/00000058
Testing ban for URL:  https://www.screener.in/company/compare/00000058
Set BaseFolder to:  company/compare/00000058
2, currURL:  https://www.screener.in/company/compare/00000058
Opened URL:  https://www.screener.in/company/compare/00000058  Base Folder:  company/compare/00000058
3, currURL:  https://www.screener.in/company/compare/00000058
Changed baseFolder to  None
Button clicked successfully!
Button clicked successfully!
Button clicked successfully!
Button clicked successfully!
Button clicked successfully!
Button clicked successfully!
Button clicked successfully!
Button clicked successfully!
Button clicked successfully!
Button clicked successfully!
Button clicked successfully!
Button clicked successfully!
Button clicked successfully!
Button clicked successfully!
Button clicked successfully!
Button clicked successfully!
Button clicked successfully!
Button clicked successfully!
Button clicked successfully!
Button clicked successfully!
Button clicked successfully!
Button clicked successfully!
Button clicked successfully!
Button clicked successfully!
Button clicked successfully!
1, currURL:  https://www.screener.in/company/compare/00000059
Testing ban for URL:  https://www.screener.in/company/compare/00000059
Set BaseFolder to:  company/compare/00000059
2, currURL:  https://www.screener.in/company/compare/00000059
Opened URL:  https://www.screener.in/company/compare/00000059  Base Folder:  company/compare/00000059
3, currURL:  https://www.screener.in/company/compare/00000059
Changed baseFolder to  None
Button clicked successfully!
Button clicked successfully!
Button clicked successfully!
Button clicked successfully!
Button clicked successfully!
Button clicked successfully!
Button clicked successfully!
Button clicked successfully!
Button clicked successfully!
Button clicked successfully!
Button clicked successfully!
Button clicked successfully!
Button clicked successfully!
Button clicked successfully!
Button clicked successfully!
Button clicked successfully!
Button clicked successfully!
Button clicked successfully!
Button clicked successfully!
Button clicked successfully!
Button clicked successfully!
Button clicked successfully!
Button clicked successfully!
Button clicked successfully!
Button clicked successfully!
1, currURL:  https://www.screener.in/company/compare/00000068
Testing ban for URL:  https://www.screener.in/company/compare/00000068
Set BaseFolder to:  company/compare/00000068
2, currURL:  https://www.screener.in/company/compare/00000068
Opened URL:  https://www.screener.in/company/compare/00000068  Base Folder:  company/compare/00000068
3, currURL:  https://www.screener.in/company/compare/00000068
Changed baseFolder to  None
1, currURL:  https://www.screener.in/company/compare/00000060
Testing ban for URL:  https://www.screener.in/company/compare/00000060
Set BaseFolder to:  company/compare/00000060
2, currURL:  https://www.screener.in/company/compare/00000060
Opened URL:  https://www.screener.in/company/compare/00000060  Base Folder:  company/compare/00000060
3, currURL:  https://www.screener.in/company/compare/00000060
Changed baseFolder to  None
Button clicked successfully!
Button clicked successfully!
Button clicked successfully!
Button clicked successfully!
Button clicked successfully!
Button clicked successfully!
Button clicked successfully!
Button clicked successfully!
Button clicked successfully!
Button clicked successfully!
Button clicked successfully!
Button clicked successfully!
Button clicked successfully!
Button clicked successfully!
Button clicked successfully!
Button clicked successfully!
1, currURL:  https://www.screener.in/company/compare/00000061
Testing ban for URL:  https://www.screener.in/company/compare/00000061
Set BaseFolder to:  company/compare/00000061
2, currURL:  https://www.screener.in/company/compare/00000061
Opened URL:  https://www.screener.in/company/compare/00000061  Base Folder:  company/compare/00000061
3, currURL:  https://www.screener.in/company/compare/00000061
Changed baseFolder to  None
Button clicked successfully!
Button clicked successfully!
Button clicked successfully!
Button clicked successfully!
Button clicked successfully!
Button clicked successfully!
Button clicked successfully!
Button clicked successfully!
Button clicked successfully!
Button clicked successfully!
Button clicked successfully!
Button clicked successfully!
Button clicked successfully!
Button clicked successfully!
1, currURL:  https://www.screener.in/company/compare/00000062
Testing ban for URL:  https://www.screener.in/company/compare/00000062
Set BaseFolder to:  company/compare/00000062
2, currURL:  https://www.screener.in/company/compare/00000062
Opened URL:  https://www.screener.in/company/compare/00000062  Base Folder:  company/compare/00000062
3, currURL:  https://www.screener.in/company/compare/00000062
Changed baseFolder to  None
Button clicked successfully!
Button clicked successfully!
Button clicked successfully!
Button clicked successfully!
Button clicked successfully!
Button clicked successfully!
Button clicked successfully!
Button clicked successfully!
Button clicked successfully!
Button clicked successfully!
Button clicked successfully!
Button clicked successfully!
Button clicked successfully!
Button clicked successfully!
Button clicked successfully!
Button clicked successfully!
Button clicked successfully!
Button clicked successfully!
Button clicked successfully!
Button clicked successfully!
Button clicked successfully!
Button clicked successfully!
Button clicked successfully!
Button clicked successfully!
Button clicked successfully!
1, currURL:  https://www.screener.in/company/compare/00000063
Testing ban for URL:  https://www.screener.in/company/compare/00000063
Set BaseFolder to:  company/compare/00000063
2, currURL:  https://www.screener.in/company/compare/00000063
Opened URL:  https://www.screener.in/company/compare/00000063  Base Folder:  company/compare/00000063
3, currURL:  https://www.screener.in/company/compare/00000063
Changed baseFolder to  None
Button clicked successfully!
Button clicked successfully!
Button clicked successfully!
Button clicked successfully!
Button clicked successfully!
Button clicked successfully!
1, currURL:  https://www.screener.in/company/compare/00000064
Testing ban for URL:  https://www.screener.in/company/compare/00000064
Set BaseFolder to:  company/compare/00000064
2, currURL:  https://www.screener.in/company/compare/00000064
Opened URL:  https://www.screener.in/company/compare/00000064  Base Folder:  company/compare/00000064
3, currURL:  https://www.screener.in/company/compare/00000064
Changed baseFolder to  None
Button clicked successfully!
Button clicked successfully!
Button clicked successfully!
Button clicked successfully!
Button clicked successfully!
Button clicked successfully!
Button clicked successfully!
Button clicked successfully!
Button clicked successfully!
Button clicked successfully!
Button clicked successfully!
Button clicked successfully!
Button clicked successfully!
Button clicked successfully!
Button clicked successfully!
Button clicked successfully!
Button clicked successfully!
Button clicked successfully!
Button clicked successfully!
Button clicked successfully!
Button clicked successfully!
Button clicked successfully!
Button clicked successfully!
Button clicked successfully!
Button clicked successfully!
1, currURL:  https://www.screener.in/company/compare/00000065
Testing ban for URL:  https://www.screener.in/company/compare/00000065
Set BaseFolder to:  company/compare/00000065
2, currURL:  https://www.screener.in/company/compare/00000065
Opened URL:  https://www.screener.in/company/compare/00000065  Base Folder:  company/compare/00000065
3, currURL:  https://www.screener.in/company/compare/00000065
Changed baseFolder to  None
Button clicked successfully!
Button clicked successfully!
Button clicked successfully!
Button clicked successfully!
Button clicked successfully!
Button clicked successfully!
Button clicked successfully!
Button clicked successfully!
Button clicked successfully!
Button clicked successfully!
